2018-09-29 11:46:22.240 DEBUG [main] io.netty.util.internal.logging.InternalLoggerFactory.debug():71 -Using SLF4J as the default logging framework
2018-09-29 11:46:22.247 DEBUG [main] io.netty.channel.MultithreadEventLoopGroup.debug():76 --Dio.netty.eventLoopThreads: 8
2018-09-29 11:46:22.306 DEBUG [main] io.netty.util.internal.PlatformDependent0.debug():76 -java.nio.Buffer.address: available
2018-09-29 11:46:22.306 DEBUG [main] io.netty.util.internal.PlatformDependent0.debug():76 -sun.misc.Unsafe.theUnsafe: available
2018-09-29 11:46:22.307 DEBUG [main] io.netty.util.internal.PlatformDependent0.debug():71 -sun.misc.Unsafe.copyMemory: available
2018-09-29 11:46:22.307 DEBUG [main] io.netty.util.internal.PlatformDependent0.debug():76 -java.nio.Bits.unaligned: true
2018-09-29 11:46:22.308 DEBUG [main] io.netty.util.internal.PlatformDependent.debug():71 -Platform: Windows
2018-09-29 11:46:22.316 DEBUG [main] io.netty.util.internal.PlatformDependent.debug():76 -Java version: 8
2018-09-29 11:46:22.317 DEBUG [main] io.netty.util.internal.PlatformDependent.debug():76 --Dio.netty.noUnsafe: false
2018-09-29 11:46:22.317 DEBUG [main] io.netty.util.internal.PlatformDependent.debug():76 -sun.misc.Unsafe: available
2018-09-29 11:46:22.318 DEBUG [main] io.netty.util.internal.PlatformDependent.debug():76 --Dio.netty.noJavassist: false
2018-09-29 11:46:22.321 DEBUG [main] io.netty.util.internal.PlatformDependent.debug():71 -Javassist: unavailable
2018-09-29 11:46:22.322 DEBUG [main] io.netty.util.internal.PlatformDependent.debug():71 -You don't have Javassist in your class path or you don't have enough permission to load dynamically generated classes.  Please check the configuration for better performance.
2018-09-29 11:46:22.324 DEBUG [main] io.netty.util.internal.PlatformDependent.debug():76 --Dio.netty.tmpdir: C:\Users\刘源\AppData\Local\Temp (java.io.tmpdir)
2018-09-29 11:46:22.324 DEBUG [main] io.netty.util.internal.PlatformDependent.debug():76 --Dio.netty.bitMode: 64 (sun.arch.data.model)
2018-09-29 11:46:22.326 DEBUG [main] io.netty.util.internal.PlatformDependent.debug():76 --Dio.netty.noPreferDirect: false
2018-09-29 11:46:22.328 DEBUG [main] io.netty.channel.nio.NioEventLoop.debug():76 --Dio.netty.noKeySetOptimization: false
2018-09-29 11:46:22.329 DEBUG [main] io.netty.channel.nio.NioEventLoop.debug():76 --Dio.netty.selectorAutoRebuildThreshold: 512
2018-09-29 11:46:22.570 DEBUG [main] io.netty.channel.DefaultChannelId.debug():76 --Dio.netty.processId: 44012 (auto-detected)
2018-09-29 11:46:22.631 DEBUG [main] io.netty.channel.DefaultChannelId.debug():76 --Dio.netty.machineId: 8c:16:45:ff:fe:67:a6:ce (auto-detected)
2018-09-29 11:46:22.632 DEBUG [main] io.netty.util.internal.ThreadLocalRandom.debug():71 --Dio.netty.initialSeedUniquifier: 0x28825a009c171c95 (took 17 ms)
2018-09-29 11:46:22.663 DEBUG [main] io.netty.buffer.PooledByteBufAllocator.debug():76 --Dio.netty.allocator.numHeapArenas: 4
2018-09-29 11:46:22.663 DEBUG [main] io.netty.buffer.PooledByteBufAllocator.debug():76 --Dio.netty.allocator.numDirectArenas: 4
2018-09-29 11:46:22.664 DEBUG [main] io.netty.buffer.PooledByteBufAllocator.debug():76 --Dio.netty.allocator.pageSize: 8192
2018-09-29 11:46:22.664 DEBUG [main] io.netty.buffer.PooledByteBufAllocator.debug():76 --Dio.netty.allocator.maxOrder: 11
2018-09-29 11:46:22.664 DEBUG [main] io.netty.buffer.PooledByteBufAllocator.debug():76 --Dio.netty.allocator.chunkSize: 16777216
2018-09-29 11:46:22.665 DEBUG [main] io.netty.buffer.PooledByteBufAllocator.debug():76 --Dio.netty.allocator.tinyCacheSize: 512
2018-09-29 11:46:22.665 DEBUG [main] io.netty.buffer.PooledByteBufAllocator.debug():76 --Dio.netty.allocator.smallCacheSize: 256
2018-09-29 11:46:22.665 DEBUG [main] io.netty.buffer.PooledByteBufAllocator.debug():76 --Dio.netty.allocator.normalCacheSize: 64
2018-09-29 11:46:22.665 DEBUG [main] io.netty.buffer.PooledByteBufAllocator.debug():76 --Dio.netty.allocator.maxCachedBufferCapacity: 32768
2018-09-29 11:46:22.665 DEBUG [main] io.netty.buffer.PooledByteBufAllocator.debug():76 --Dio.netty.allocator.cacheTrimInterval: 8192
2018-09-29 11:46:22.671 DEBUG [main] io.netty.buffer.ByteBufUtil.debug():76 --Dio.netty.allocator.type: pooled
2018-09-29 11:46:22.672 DEBUG [main] io.netty.buffer.ByteBufUtil.debug():76 --Dio.netty.threadLocalDirectBufferSize: 65536
2018-09-29 11:46:22.730 DEBUG [main] io.netty.util.NetUtil.debug():86 -Loopback interface: lo (Software Loopback Interface 1, 127.0.0.1)
2018-09-29 11:46:22.730 DEBUG [main] io.netty.util.NetUtil.debug():81 -\proc\sys\net\core\somaxconn: 200 (non-existent)
2018-09-29 11:46:33.547 DEBUG [main] io.netty.util.internal.logging.InternalLoggerFactory.debug():71 -Using SLF4J as the default logging framework
2018-09-29 11:46:33.551 DEBUG [main] io.netty.channel.MultithreadEventLoopGroup.debug():76 --Dio.netty.eventLoopThreads: 8
2018-09-29 11:46:33.595 DEBUG [main] io.netty.util.internal.PlatformDependent0.debug():76 -java.nio.Buffer.address: available
2018-09-29 11:46:33.595 DEBUG [main] io.netty.util.internal.PlatformDependent0.debug():76 -sun.misc.Unsafe.theUnsafe: available
2018-09-29 11:46:33.595 DEBUG [main] io.netty.util.internal.PlatformDependent0.debug():71 -sun.misc.Unsafe.copyMemory: available
2018-09-29 11:46:33.595 DEBUG [main] io.netty.util.internal.PlatformDependent0.debug():76 -java.nio.Bits.unaligned: true
2018-09-29 11:46:33.596 DEBUG [main] io.netty.util.internal.PlatformDependent.debug():71 -Platform: Windows
2018-09-29 11:46:33.596 DEBUG [main] io.netty.util.internal.PlatformDependent.debug():76 -Java version: 8
2018-09-29 11:46:33.597 DEBUG [main] io.netty.util.internal.PlatformDependent.debug():76 --Dio.netty.noUnsafe: false
2018-09-29 11:46:33.597 DEBUG [main] io.netty.util.internal.PlatformDependent.debug():76 -sun.misc.Unsafe: available
2018-09-29 11:46:33.597 DEBUG [main] io.netty.util.internal.PlatformDependent.debug():76 --Dio.netty.noJavassist: false
2018-09-29 11:46:33.598 DEBUG [main] io.netty.util.internal.PlatformDependent.debug():71 -Javassist: unavailable
2018-09-29 11:46:33.598 DEBUG [main] io.netty.util.internal.PlatformDependent.debug():71 -You don't have Javassist in your class path or you don't have enough permission to load dynamically generated classes.  Please check the configuration for better performance.
2018-09-29 11:46:33.599 DEBUG [main] io.netty.util.internal.PlatformDependent.debug():76 --Dio.netty.tmpdir: C:\Users\刘源\AppData\Local\Temp (java.io.tmpdir)
2018-09-29 11:46:33.599 DEBUG [main] io.netty.util.internal.PlatformDependent.debug():76 --Dio.netty.bitMode: 64 (sun.arch.data.model)
2018-09-29 11:46:33.599 DEBUG [main] io.netty.util.internal.PlatformDependent.debug():76 --Dio.netty.noPreferDirect: false
2018-09-29 11:46:33.600 DEBUG [main] io.netty.channel.nio.NioEventLoop.debug():76 --Dio.netty.noKeySetOptimization: false
2018-09-29 11:46:33.600 DEBUG [main] io.netty.channel.nio.NioEventLoop.debug():76 --Dio.netty.selectorAutoRebuildThreshold: 512
2018-09-29 11:46:33.781 DEBUG [main] io.netty.channel.DefaultChannelId.debug():76 --Dio.netty.processId: 25184 (auto-detected)
2018-09-29 11:46:33.848 DEBUG [main] io.netty.channel.DefaultChannelId.debug():76 --Dio.netty.machineId: 8c:16:45:ff:fe:67:a6:ce (auto-detected)
2018-09-29 11:46:33.849 DEBUG [main] io.netty.util.internal.ThreadLocalRandom.debug():71 --Dio.netty.initialSeedUniquifier: 0xff24fbff8b1b23f7 (took 17 ms)
2018-09-29 11:46:33.870 DEBUG [main] io.netty.buffer.PooledByteBufAllocator.debug():76 --Dio.netty.allocator.numHeapArenas: 4
2018-09-29 11:46:33.871 DEBUG [main] io.netty.buffer.PooledByteBufAllocator.debug():76 --Dio.netty.allocator.numDirectArenas: 4
2018-09-29 11:46:33.871 DEBUG [main] io.netty.buffer.PooledByteBufAllocator.debug():76 --Dio.netty.allocator.pageSize: 8192
2018-09-29 11:46:33.871 DEBUG [main] io.netty.buffer.PooledByteBufAllocator.debug():76 --Dio.netty.allocator.maxOrder: 11
2018-09-29 11:46:33.871 DEBUG [main] io.netty.buffer.PooledByteBufAllocator.debug():76 --Dio.netty.allocator.chunkSize: 16777216
2018-09-29 11:46:33.871 DEBUG [main] io.netty.buffer.PooledByteBufAllocator.debug():76 --Dio.netty.allocator.tinyCacheSize: 512
2018-09-29 11:46:33.872 DEBUG [main] io.netty.buffer.PooledByteBufAllocator.debug():76 --Dio.netty.allocator.smallCacheSize: 256
2018-09-29 11:46:33.872 DEBUG [main] io.netty.buffer.PooledByteBufAllocator.debug():76 --Dio.netty.allocator.normalCacheSize: 64
2018-09-29 11:46:33.872 DEBUG [main] io.netty.buffer.PooledByteBufAllocator.debug():76 --Dio.netty.allocator.maxCachedBufferCapacity: 32768
2018-09-29 11:46:33.872 DEBUG [main] io.netty.buffer.PooledByteBufAllocator.debug():76 --Dio.netty.allocator.cacheTrimInterval: 8192
2018-09-29 11:46:33.876 DEBUG [main] io.netty.buffer.ByteBufUtil.debug():76 --Dio.netty.allocator.type: pooled
2018-09-29 11:46:33.877 DEBUG [main] io.netty.buffer.ByteBufUtil.debug():76 --Dio.netty.threadLocalDirectBufferSize: 65536
2018-09-29 11:46:34.900 DEBUG [main] io.netty.util.ResourceLeakDetector.debug():81 --Dio.netty.leakDetectionLevel: simple
2018-09-29 11:46:34.904 DEBUG [main] io.netty.util.Recycler.debug():76 --Dio.netty.recycler.maxCapacity: 262144
2018-09-29 11:46:34.935 DEBUG [nioEventLoopGroup-1-0] io.netty.util.ResourceLeakDetector.debug():81 --Dio.netty.leakDetectionLevel: simple
2018-09-29 11:46:34.936 DEBUG [nioEventLoopGroup-1-0] io.netty.util.Recycler.debug():76 --Dio.netty.recycler.maxCapacity: 262144
2018-09-29 11:46:34.945 DEBUG [nioEventLoopGroup-1-0] io.netty.channel.DefaultChannelPipeline.debug():76 -Discarded inbound message SimpleLeakAwareByteBuf(PooledUnsafeDirectByteBuf(ridx: 0, widx: 6, cap: 1024)) that reached at the tail of the pipeline. Please check your pipeline configuration.
2018-09-29 11:46:34.948 WARN  [nioEventLoopGroup-1-0] io.netty.channel.DefaultChannelPipeline.warn():151 -An exceptionCaught() event was fired, and it reached at the tail of the pipeline. It usually means the last handler in the pipeline did not handle the exception.
io.netty.util.IllegalReferenceCountException: refCnt: 0
	at io.netty.buffer.AbstractByteBuf.ensureAccessible(AbstractByteBuf.java:1150) ~[netty-all-5.0.0.Alpha2.jar:5.0.0.Alpha2]
	at io.netty.buffer.AbstractByteBuf.checkReadableBytes(AbstractByteBuf.java:1133) ~[netty-all-5.0.0.Alpha2.jar:5.0.0.Alpha2]
	at io.netty.buffer.AbstractByteBuf.readBytes(AbstractByteBuf.java:648) ~[netty-all-5.0.0.Alpha2.jar:5.0.0.Alpha2]
	at io.netty.buffer.AbstractByteBuf.readBytes(AbstractByteBuf.java:656) ~[netty-all-5.0.0.Alpha2.jar:5.0.0.Alpha2]
	at io.netty.buffer.WrappedByteBuf.readBytes(WrappedByteBuf.java:511) ~[netty-all-5.0.0.Alpha2.jar:5.0.0.Alpha2]
	at nettyDemo.helloWorld.NServerHandler1.channelRead(NServerHandler1.java:22) ~[classes/:na]
	at io.netty.channel.ChannelHandlerInvokerUtil.invokeChannelReadNow(ChannelHandlerInvokerUtil.java:84) ~[netty-all-5.0.0.Alpha2.jar:5.0.0.Alpha2]
	at io.netty.channel.DefaultChannelHandlerInvoker.invokeChannelRead(DefaultChannelHandlerInvoker.java:153) [netty-all-5.0.0.Alpha2.jar:5.0.0.Alpha2]
	at io.netty.channel.PausableChannelEventExecutor.invokeChannelRead(PausableChannelEventExecutor.java:86) [netty-all-5.0.0.Alpha2.jar:5.0.0.Alpha2]
	at io.netty.channel.AbstractChannelHandlerContext.fireChannelRead(AbstractChannelHandlerContext.java:389) [netty-all-5.0.0.Alpha2.jar:5.0.0.Alpha2]
	at io.netty.channel.DefaultChannelPipeline.fireChannelRead(DefaultChannelPipeline.java:956) [netty-all-5.0.0.Alpha2.jar:5.0.0.Alpha2]
	at io.netty.channel.nio.AbstractNioByteChannel$NioByteUnsafe.read(AbstractNioByteChannel.java:127) [netty-all-5.0.0.Alpha2.jar:5.0.0.Alpha2]
	at io.netty.channel.nio.NioEventLoop.processSelectedKey(NioEventLoop.java:514) [netty-all-5.0.0.Alpha2.jar:5.0.0.Alpha2]
	at io.netty.channel.nio.NioEventLoop.processSelectedKeysOptimized(NioEventLoop.java:471) [netty-all-5.0.0.Alpha2.jar:5.0.0.Alpha2]
	at io.netty.channel.nio.NioEventLoop.processSelectedKeys(NioEventLoop.java:385) [netty-all-5.0.0.Alpha2.jar:5.0.0.Alpha2]
	at io.netty.channel.nio.NioEventLoop.run(NioEventLoop.java:351) [netty-all-5.0.0.Alpha2.jar:5.0.0.Alpha2]
	at io.netty.util.concurrent.SingleThreadEventExecutor$2.run(SingleThreadEventExecutor.java:116) [netty-all-5.0.0.Alpha2.jar:5.0.0.Alpha2]
	at io.netty.util.internal.chmv8.ForkJoinTask$RunnableExecuteAction.exec(ForkJoinTask.java:1412) [netty-all-5.0.0.Alpha2.jar:5.0.0.Alpha2]
	at io.netty.util.internal.chmv8.ForkJoinTask.doExec(ForkJoinTask.java:280) [netty-all-5.0.0.Alpha2.jar:5.0.0.Alpha2]
	at io.netty.util.internal.chmv8.ForkJoinPool$WorkQueue.runTask(ForkJoinPool.java:877) [netty-all-5.0.0.Alpha2.jar:5.0.0.Alpha2]
	at io.netty.util.internal.chmv8.ForkJoinPool.scan(ForkJoinPool.java:1706) [netty-all-5.0.0.Alpha2.jar:5.0.0.Alpha2]
	at io.netty.util.internal.chmv8.ForkJoinPool.runWorker(ForkJoinPool.java:1661) [netty-all-5.0.0.Alpha2.jar:5.0.0.Alpha2]
	at io.netty.util.internal.chmv8.ForkJoinWorkerThread.run(ForkJoinWorkerThread.java:126) [netty-all-5.0.0.Alpha2.jar:5.0.0.Alpha2]
2018-09-29 11:50:19.057 DEBUG [main] io.netty.util.internal.logging.InternalLoggerFactory.debug():71 -Using SLF4J as the default logging framework
2018-09-29 11:50:19.062 DEBUG [main] io.netty.channel.MultithreadEventLoopGroup.debug():76 --Dio.netty.eventLoopThreads: 8
2018-09-29 11:50:19.115 DEBUG [main] io.netty.util.internal.PlatformDependent0.debug():76 -java.nio.Buffer.address: available
2018-09-29 11:50:19.115 DEBUG [main] io.netty.util.internal.PlatformDependent0.debug():76 -sun.misc.Unsafe.theUnsafe: available
2018-09-29 11:50:19.115 DEBUG [main] io.netty.util.internal.PlatformDependent0.debug():71 -sun.misc.Unsafe.copyMemory: available
2018-09-29 11:50:19.115 DEBUG [main] io.netty.util.internal.PlatformDependent0.debug():76 -java.nio.Bits.unaligned: true
2018-09-29 11:50:19.116 DEBUG [main] io.netty.util.internal.PlatformDependent.debug():71 -Platform: Windows
2018-09-29 11:50:19.117 DEBUG [main] io.netty.util.internal.PlatformDependent.debug():76 -Java version: 8
2018-09-29 11:50:19.117 DEBUG [main] io.netty.util.internal.PlatformDependent.debug():76 --Dio.netty.noUnsafe: false
2018-09-29 11:50:19.117 DEBUG [main] io.netty.util.internal.PlatformDependent.debug():76 -sun.misc.Unsafe: available
2018-09-29 11:50:19.118 DEBUG [main] io.netty.util.internal.PlatformDependent.debug():76 --Dio.netty.noJavassist: false
2018-09-29 11:50:19.118 DEBUG [main] io.netty.util.internal.PlatformDependent.debug():71 -Javassist: unavailable
2018-09-29 11:50:19.119 DEBUG [main] io.netty.util.internal.PlatformDependent.debug():71 -You don't have Javassist in your class path or you don't have enough permission to load dynamically generated classes.  Please check the configuration for better performance.
2018-09-29 11:50:19.119 DEBUG [main] io.netty.util.internal.PlatformDependent.debug():76 --Dio.netty.tmpdir: C:\Users\刘源\AppData\Local\Temp (java.io.tmpdir)
2018-09-29 11:50:19.119 DEBUG [main] io.netty.util.internal.PlatformDependent.debug():76 --Dio.netty.bitMode: 64 (sun.arch.data.model)
2018-09-29 11:50:19.120 DEBUG [main] io.netty.util.internal.PlatformDependent.debug():76 --Dio.netty.noPreferDirect: false
2018-09-29 11:50:19.120 DEBUG [main] io.netty.channel.nio.NioEventLoop.debug():76 --Dio.netty.noKeySetOptimization: false
2018-09-29 11:50:19.120 DEBUG [main] io.netty.channel.nio.NioEventLoop.debug():76 --Dio.netty.selectorAutoRebuildThreshold: 512
2018-09-29 11:50:19.297 DEBUG [main] io.netty.channel.DefaultChannelId.debug():76 --Dio.netty.processId: 38096 (auto-detected)
2018-09-29 11:50:19.359 DEBUG [main] io.netty.channel.DefaultChannelId.debug():76 --Dio.netty.machineId: 8c:16:45:ff:fe:67:a6:ce (auto-detected)
2018-09-29 11:50:19.360 DEBUG [main] io.netty.util.internal.ThreadLocalRandom.debug():71 --Dio.netty.initialSeedUniquifier: 0x11eda3a5cf486b44 (took 19 ms)
2018-09-29 11:50:19.381 DEBUG [main] io.netty.buffer.PooledByteBufAllocator.debug():76 --Dio.netty.allocator.numHeapArenas: 4
2018-09-29 11:50:19.381 DEBUG [main] io.netty.buffer.PooledByteBufAllocator.debug():76 --Dio.netty.allocator.numDirectArenas: 4
2018-09-29 11:50:19.382 DEBUG [main] io.netty.buffer.PooledByteBufAllocator.debug():76 --Dio.netty.allocator.pageSize: 8192
2018-09-29 11:50:19.382 DEBUG [main] io.netty.buffer.PooledByteBufAllocator.debug():76 --Dio.netty.allocator.maxOrder: 11
2018-09-29 11:50:19.382 DEBUG [main] io.netty.buffer.PooledByteBufAllocator.debug():76 --Dio.netty.allocator.chunkSize: 16777216
2018-09-29 11:50:19.382 DEBUG [main] io.netty.buffer.PooledByteBufAllocator.debug():76 --Dio.netty.allocator.tinyCacheSize: 512
2018-09-29 11:50:19.383 DEBUG [main] io.netty.buffer.PooledByteBufAllocator.debug():76 --Dio.netty.allocator.smallCacheSize: 256
2018-09-29 11:50:19.383 DEBUG [main] io.netty.buffer.PooledByteBufAllocator.debug():76 --Dio.netty.allocator.normalCacheSize: 64
2018-09-29 11:50:19.383 DEBUG [main] io.netty.buffer.PooledByteBufAllocator.debug():76 --Dio.netty.allocator.maxCachedBufferCapacity: 32768
2018-09-29 11:50:19.383 DEBUG [main] io.netty.buffer.PooledByteBufAllocator.debug():76 --Dio.netty.allocator.cacheTrimInterval: 8192
2018-09-29 11:50:19.387 DEBUG [main] io.netty.buffer.ByteBufUtil.debug():76 --Dio.netty.allocator.type: pooled
2018-09-29 11:50:19.387 DEBUG [main] io.netty.buffer.ByteBufUtil.debug():76 --Dio.netty.threadLocalDirectBufferSize: 65536
2018-09-29 11:50:19.439 DEBUG [main] io.netty.util.NetUtil.debug():86 -Loopback interface: lo (Software Loopback Interface 1, 127.0.0.1)
2018-09-29 11:50:19.439 DEBUG [main] io.netty.util.NetUtil.debug():81 -\proc\sys\net\core\somaxconn: 200 (non-existent)
2018-09-29 11:50:28.474 DEBUG [main] io.netty.util.internal.logging.InternalLoggerFactory.debug():71 -Using SLF4J as the default logging framework
2018-09-29 11:50:28.480 DEBUG [main] io.netty.channel.MultithreadEventLoopGroup.debug():76 --Dio.netty.eventLoopThreads: 8
2018-09-29 11:50:28.529 DEBUG [main] io.netty.util.internal.PlatformDependent0.debug():76 -java.nio.Buffer.address: available
2018-09-29 11:50:28.529 DEBUG [main] io.netty.util.internal.PlatformDependent0.debug():76 -sun.misc.Unsafe.theUnsafe: available
2018-09-29 11:50:28.529 DEBUG [main] io.netty.util.internal.PlatformDependent0.debug():71 -sun.misc.Unsafe.copyMemory: available
2018-09-29 11:50:28.529 DEBUG [main] io.netty.util.internal.PlatformDependent0.debug():76 -java.nio.Bits.unaligned: true
2018-09-29 11:50:28.530 DEBUG [main] io.netty.util.internal.PlatformDependent.debug():71 -Platform: Windows
2018-09-29 11:50:28.530 DEBUG [main] io.netty.util.internal.PlatformDependent.debug():76 -Java version: 8
2018-09-29 11:50:28.530 DEBUG [main] io.netty.util.internal.PlatformDependent.debug():76 --Dio.netty.noUnsafe: false
2018-09-29 11:50:28.530 DEBUG [main] io.netty.util.internal.PlatformDependent.debug():76 -sun.misc.Unsafe: available
2018-09-29 11:50:28.531 DEBUG [main] io.netty.util.internal.PlatformDependent.debug():76 --Dio.netty.noJavassist: false
2018-09-29 11:50:28.532 DEBUG [main] io.netty.util.internal.PlatformDependent.debug():71 -Javassist: unavailable
2018-09-29 11:50:28.532 DEBUG [main] io.netty.util.internal.PlatformDependent.debug():71 -You don't have Javassist in your class path or you don't have enough permission to load dynamically generated classes.  Please check the configuration for better performance.
2018-09-29 11:50:28.532 DEBUG [main] io.netty.util.internal.PlatformDependent.debug():76 --Dio.netty.tmpdir: C:\Users\刘源\AppData\Local\Temp (java.io.tmpdir)
2018-09-29 11:50:28.533 DEBUG [main] io.netty.util.internal.PlatformDependent.debug():76 --Dio.netty.bitMode: 64 (sun.arch.data.model)
2018-09-29 11:50:28.533 DEBUG [main] io.netty.util.internal.PlatformDependent.debug():76 --Dio.netty.noPreferDirect: false
2018-09-29 11:50:28.533 DEBUG [main] io.netty.channel.nio.NioEventLoop.debug():76 --Dio.netty.noKeySetOptimization: false
2018-09-29 11:50:28.533 DEBUG [main] io.netty.channel.nio.NioEventLoop.debug():76 --Dio.netty.selectorAutoRebuildThreshold: 512
2018-09-29 11:50:28.706 DEBUG [main] io.netty.channel.DefaultChannelId.debug():76 --Dio.netty.processId: 43276 (auto-detected)
2018-09-29 11:50:28.764 DEBUG [main] io.netty.channel.DefaultChannelId.debug():76 --Dio.netty.machineId: 8c:16:45:ff:fe:67:a6:ce (auto-detected)
2018-09-29 11:50:28.765 DEBUG [main] io.netty.util.internal.ThreadLocalRandom.debug():71 --Dio.netty.initialSeedUniquifier: 0x01f1350c2e8ce777 (took 16 ms)
2018-09-29 11:50:28.786 DEBUG [main] io.netty.buffer.PooledByteBufAllocator.debug():76 --Dio.netty.allocator.numHeapArenas: 4
2018-09-29 11:50:28.786 DEBUG [main] io.netty.buffer.PooledByteBufAllocator.debug():76 --Dio.netty.allocator.numDirectArenas: 4
2018-09-29 11:50:28.787 DEBUG [main] io.netty.buffer.PooledByteBufAllocator.debug():76 --Dio.netty.allocator.pageSize: 8192
2018-09-29 11:50:28.787 DEBUG [main] io.netty.buffer.PooledByteBufAllocator.debug():76 --Dio.netty.allocator.maxOrder: 11
2018-09-29 11:50:28.787 DEBUG [main] io.netty.buffer.PooledByteBufAllocator.debug():76 --Dio.netty.allocator.chunkSize: 16777216
2018-09-29 11:50:28.787 DEBUG [main] io.netty.buffer.PooledByteBufAllocator.debug():76 --Dio.netty.allocator.tinyCacheSize: 512
2018-09-29 11:50:28.787 DEBUG [main] io.netty.buffer.PooledByteBufAllocator.debug():76 --Dio.netty.allocator.smallCacheSize: 256
2018-09-29 11:50:28.787 DEBUG [main] io.netty.buffer.PooledByteBufAllocator.debug():76 --Dio.netty.allocator.normalCacheSize: 64
2018-09-29 11:50:28.788 DEBUG [main] io.netty.buffer.PooledByteBufAllocator.debug():76 --Dio.netty.allocator.maxCachedBufferCapacity: 32768
2018-09-29 11:50:28.788 DEBUG [main] io.netty.buffer.PooledByteBufAllocator.debug():76 --Dio.netty.allocator.cacheTrimInterval: 8192
2018-09-29 11:50:28.792 DEBUG [main] io.netty.buffer.ByteBufUtil.debug():76 --Dio.netty.allocator.type: pooled
2018-09-29 11:50:28.792 DEBUG [main] io.netty.buffer.ByteBufUtil.debug():76 --Dio.netty.threadLocalDirectBufferSize: 65536
2018-09-29 11:50:29.830 DEBUG [main] io.netty.util.ResourceLeakDetector.debug():81 --Dio.netty.leakDetectionLevel: simple
2018-09-29 11:50:29.836 DEBUG [main] io.netty.util.Recycler.debug():76 --Dio.netty.recycler.maxCapacity: 262144
2018-09-29 11:50:29.871 DEBUG [nioEventLoopGroup-1-1] io.netty.util.ResourceLeakDetector.debug():81 --Dio.netty.leakDetectionLevel: simple
2018-09-29 11:50:29.872 DEBUG [nioEventLoopGroup-1-1] io.netty.util.Recycler.debug():76 --Dio.netty.recycler.maxCapacity: 262144
2018-09-29 11:50:29.881 DEBUG [nioEventLoopGroup-1-1] io.netty.channel.DefaultChannelPipeline.debug():76 -Discarded inbound message SimpleLeakAwareByteBuf(PooledUnsafeDirectByteBuf(ridx: 0, widx: 6, cap: 1024)) that reached at the tail of the pipeline. Please check your pipeline configuration.
2018-09-29 11:50:29.885 WARN  [nioEventLoopGroup-1-1] io.netty.channel.DefaultChannelPipeline.warn():151 -An exceptionCaught() event was fired, and it reached at the tail of the pipeline. It usually means the last handler in the pipeline did not handle the exception.
io.netty.util.IllegalReferenceCountException: refCnt: 0
	at io.netty.buffer.AbstractByteBuf.ensureAccessible(AbstractByteBuf.java:1150) ~[netty-all-5.0.0.Alpha2.jar:5.0.0.Alpha2]
	at io.netty.buffer.AbstractByteBuf.checkReadableBytes(AbstractByteBuf.java:1133) ~[netty-all-5.0.0.Alpha2.jar:5.0.0.Alpha2]
	at io.netty.buffer.AbstractByteBuf.readBytes(AbstractByteBuf.java:648) ~[netty-all-5.0.0.Alpha2.jar:5.0.0.Alpha2]
	at io.netty.buffer.AbstractByteBuf.readBytes(AbstractByteBuf.java:656) ~[netty-all-5.0.0.Alpha2.jar:5.0.0.Alpha2]
	at io.netty.buffer.WrappedByteBuf.readBytes(WrappedByteBuf.java:511) ~[netty-all-5.0.0.Alpha2.jar:5.0.0.Alpha2]
	at nettyDemo.helloWorld.NServerHandler1.channelRead(NServerHandler1.java:22) ~[classes/:na]
	at io.netty.channel.ChannelHandlerInvokerUtil.invokeChannelReadNow(ChannelHandlerInvokerUtil.java:84) ~[netty-all-5.0.0.Alpha2.jar:5.0.0.Alpha2]
	at io.netty.channel.DefaultChannelHandlerInvoker.invokeChannelRead(DefaultChannelHandlerInvoker.java:153) [netty-all-5.0.0.Alpha2.jar:5.0.0.Alpha2]
	at io.netty.channel.PausableChannelEventExecutor.invokeChannelRead(PausableChannelEventExecutor.java:86) [netty-all-5.0.0.Alpha2.jar:5.0.0.Alpha2]
	at io.netty.channel.AbstractChannelHandlerContext.fireChannelRead(AbstractChannelHandlerContext.java:389) [netty-all-5.0.0.Alpha2.jar:5.0.0.Alpha2]
	at io.netty.channel.DefaultChannelPipeline.fireChannelRead(DefaultChannelPipeline.java:956) [netty-all-5.0.0.Alpha2.jar:5.0.0.Alpha2]
	at io.netty.channel.nio.AbstractNioByteChannel$NioByteUnsafe.read(AbstractNioByteChannel.java:127) [netty-all-5.0.0.Alpha2.jar:5.0.0.Alpha2]
	at io.netty.channel.nio.NioEventLoop.processSelectedKey(NioEventLoop.java:514) [netty-all-5.0.0.Alpha2.jar:5.0.0.Alpha2]
	at io.netty.channel.nio.NioEventLoop.processSelectedKeysOptimized(NioEventLoop.java:471) [netty-all-5.0.0.Alpha2.jar:5.0.0.Alpha2]
	at io.netty.channel.nio.NioEventLoop.processSelectedKeys(NioEventLoop.java:385) [netty-all-5.0.0.Alpha2.jar:5.0.0.Alpha2]
	at io.netty.channel.nio.NioEventLoop.run(NioEventLoop.java:351) [netty-all-5.0.0.Alpha2.jar:5.0.0.Alpha2]
	at io.netty.util.concurrent.SingleThreadEventExecutor$2.run(SingleThreadEventExecutor.java:116) [netty-all-5.0.0.Alpha2.jar:5.0.0.Alpha2]
	at io.netty.util.internal.chmv8.ForkJoinTask$RunnableExecuteAction.exec(ForkJoinTask.java:1412) [netty-all-5.0.0.Alpha2.jar:5.0.0.Alpha2]
	at io.netty.util.internal.chmv8.ForkJoinTask.doExec(ForkJoinTask.java:280) [netty-all-5.0.0.Alpha2.jar:5.0.0.Alpha2]
	at io.netty.util.internal.chmv8.ForkJoinPool$WorkQueue.runTask(ForkJoinPool.java:877) [netty-all-5.0.0.Alpha2.jar:5.0.0.Alpha2]
	at io.netty.util.internal.chmv8.ForkJoinPool.scan(ForkJoinPool.java:1706) [netty-all-5.0.0.Alpha2.jar:5.0.0.Alpha2]
	at io.netty.util.internal.chmv8.ForkJoinPool.runWorker(ForkJoinPool.java:1661) [netty-all-5.0.0.Alpha2.jar:5.0.0.Alpha2]
	at io.netty.util.internal.chmv8.ForkJoinWorkerThread.run(ForkJoinWorkerThread.java:126) [netty-all-5.0.0.Alpha2.jar:5.0.0.Alpha2]
2018-09-29 11:51:20.558 DEBUG [main] io.netty.util.internal.logging.InternalLoggerFactory.debug():71 -Using SLF4J as the default logging framework
2018-09-29 11:51:20.565 DEBUG [main] io.netty.channel.MultithreadEventLoopGroup.debug():76 --Dio.netty.eventLoopThreads: 8
2018-09-29 11:51:20.619 DEBUG [main] io.netty.util.internal.PlatformDependent0.debug():76 -java.nio.Buffer.address: available
2018-09-29 11:51:20.619 DEBUG [main] io.netty.util.internal.PlatformDependent0.debug():76 -sun.misc.Unsafe.theUnsafe: available
2018-09-29 11:51:20.620 DEBUG [main] io.netty.util.internal.PlatformDependent0.debug():71 -sun.misc.Unsafe.copyMemory: available
2018-09-29 11:51:20.620 DEBUG [main] io.netty.util.internal.PlatformDependent0.debug():76 -java.nio.Bits.unaligned: true
2018-09-29 11:51:20.621 DEBUG [main] io.netty.util.internal.PlatformDependent.debug():71 -Platform: Windows
2018-09-29 11:51:20.621 DEBUG [main] io.netty.util.internal.PlatformDependent.debug():76 -Java version: 8
2018-09-29 11:51:20.621 DEBUG [main] io.netty.util.internal.PlatformDependent.debug():76 --Dio.netty.noUnsafe: false
2018-09-29 11:51:20.622 DEBUG [main] io.netty.util.internal.PlatformDependent.debug():76 -sun.misc.Unsafe: available
2018-09-29 11:51:20.622 DEBUG [main] io.netty.util.internal.PlatformDependent.debug():76 --Dio.netty.noJavassist: false
2018-09-29 11:51:20.623 DEBUG [main] io.netty.util.internal.PlatformDependent.debug():71 -Javassist: unavailable
2018-09-29 11:51:20.623 DEBUG [main] io.netty.util.internal.PlatformDependent.debug():71 -You don't have Javassist in your class path or you don't have enough permission to load dynamically generated classes.  Please check the configuration for better performance.
2018-09-29 11:51:20.624 DEBUG [main] io.netty.util.internal.PlatformDependent.debug():76 --Dio.netty.tmpdir: C:\Users\刘源\AppData\Local\Temp (java.io.tmpdir)
2018-09-29 11:51:20.624 DEBUG [main] io.netty.util.internal.PlatformDependent.debug():76 --Dio.netty.bitMode: 64 (sun.arch.data.model)
2018-09-29 11:51:20.625 DEBUG [main] io.netty.util.internal.PlatformDependent.debug():76 --Dio.netty.noPreferDirect: false
2018-09-29 11:51:20.626 DEBUG [main] io.netty.channel.nio.NioEventLoop.debug():76 --Dio.netty.noKeySetOptimization: false
2018-09-29 11:51:20.626 DEBUG [main] io.netty.channel.nio.NioEventLoop.debug():76 --Dio.netty.selectorAutoRebuildThreshold: 512
2018-09-29 11:51:20.831 DEBUG [main] io.netty.channel.DefaultChannelId.debug():76 --Dio.netty.processId: 26032 (auto-detected)
2018-09-29 11:51:20.893 DEBUG [main] io.netty.channel.DefaultChannelId.debug():76 --Dio.netty.machineId: 8c:16:45:ff:fe:67:a6:ce (auto-detected)
2018-09-29 11:51:20.895 DEBUG [main] io.netty.util.internal.ThreadLocalRandom.debug():71 --Dio.netty.initialSeedUniquifier: 0x496740e439b1bb10 (took 38 ms)
2018-09-29 11:51:20.922 DEBUG [main] io.netty.buffer.PooledByteBufAllocator.debug():76 --Dio.netty.allocator.numHeapArenas: 4
2018-09-29 11:51:20.923 DEBUG [main] io.netty.buffer.PooledByteBufAllocator.debug():76 --Dio.netty.allocator.numDirectArenas: 4
2018-09-29 11:51:20.923 DEBUG [main] io.netty.buffer.PooledByteBufAllocator.debug():76 --Dio.netty.allocator.pageSize: 8192
2018-09-29 11:51:20.923 DEBUG [main] io.netty.buffer.PooledByteBufAllocator.debug():76 --Dio.netty.allocator.maxOrder: 11
2018-09-29 11:51:20.923 DEBUG [main] io.netty.buffer.PooledByteBufAllocator.debug():76 --Dio.netty.allocator.chunkSize: 16777216
2018-09-29 11:51:20.924 DEBUG [main] io.netty.buffer.PooledByteBufAllocator.debug():76 --Dio.netty.allocator.tinyCacheSize: 512
2018-09-29 11:51:20.924 DEBUG [main] io.netty.buffer.PooledByteBufAllocator.debug():76 --Dio.netty.allocator.smallCacheSize: 256
2018-09-29 11:51:20.924 DEBUG [main] io.netty.buffer.PooledByteBufAllocator.debug():76 --Dio.netty.allocator.normalCacheSize: 64
2018-09-29 11:51:20.924 DEBUG [main] io.netty.buffer.PooledByteBufAllocator.debug():76 --Dio.netty.allocator.maxCachedBufferCapacity: 32768
2018-09-29 11:51:20.925 DEBUG [main] io.netty.buffer.PooledByteBufAllocator.debug():76 --Dio.netty.allocator.cacheTrimInterval: 8192
2018-09-29 11:51:20.930 DEBUG [main] io.netty.buffer.ByteBufUtil.debug():76 --Dio.netty.allocator.type: pooled
2018-09-29 11:51:20.930 DEBUG [main] io.netty.buffer.ByteBufUtil.debug():76 --Dio.netty.threadLocalDirectBufferSize: 65536
2018-09-29 11:51:20.985 DEBUG [main] io.netty.util.NetUtil.debug():86 -Loopback interface: lo (Software Loopback Interface 1, 127.0.0.1)
2018-09-29 11:51:20.985 DEBUG [main] io.netty.util.NetUtil.debug():81 -\proc\sys\net\core\somaxconn: 200 (non-existent)
2018-09-29 11:51:35.633 DEBUG [main] io.netty.util.internal.logging.InternalLoggerFactory.debug():71 -Using SLF4J as the default logging framework
2018-09-29 11:51:35.640 DEBUG [main] io.netty.channel.MultithreadEventLoopGroup.debug():76 --Dio.netty.eventLoopThreads: 8
2018-09-29 11:51:35.689 DEBUG [main] io.netty.util.internal.PlatformDependent0.debug():76 -java.nio.Buffer.address: available
2018-09-29 11:51:35.689 DEBUG [main] io.netty.util.internal.PlatformDependent0.debug():76 -sun.misc.Unsafe.theUnsafe: available
2018-09-29 11:51:35.690 DEBUG [main] io.netty.util.internal.PlatformDependent0.debug():71 -sun.misc.Unsafe.copyMemory: available
2018-09-29 11:51:35.690 DEBUG [main] io.netty.util.internal.PlatformDependent0.debug():76 -java.nio.Bits.unaligned: true
2018-09-29 11:51:35.690 DEBUG [main] io.netty.util.internal.PlatformDependent.debug():71 -Platform: Windows
2018-09-29 11:51:35.691 DEBUG [main] io.netty.util.internal.PlatformDependent.debug():76 -Java version: 8
2018-09-29 11:51:35.691 DEBUG [main] io.netty.util.internal.PlatformDependent.debug():76 --Dio.netty.noUnsafe: false
2018-09-29 11:51:35.691 DEBUG [main] io.netty.util.internal.PlatformDependent.debug():76 -sun.misc.Unsafe: available
2018-09-29 11:51:35.692 DEBUG [main] io.netty.util.internal.PlatformDependent.debug():76 --Dio.netty.noJavassist: false
2018-09-29 11:51:35.693 DEBUG [main] io.netty.util.internal.PlatformDependent.debug():71 -Javassist: unavailable
2018-09-29 11:51:35.693 DEBUG [main] io.netty.util.internal.PlatformDependent.debug():71 -You don't have Javassist in your class path or you don't have enough permission to load dynamically generated classes.  Please check the configuration for better performance.
2018-09-29 11:51:35.693 DEBUG [main] io.netty.util.internal.PlatformDependent.debug():76 --Dio.netty.tmpdir: C:\Users\刘源\AppData\Local\Temp (java.io.tmpdir)
2018-09-29 11:51:35.694 DEBUG [main] io.netty.util.internal.PlatformDependent.debug():76 --Dio.netty.bitMode: 64 (sun.arch.data.model)
2018-09-29 11:51:35.694 DEBUG [main] io.netty.util.internal.PlatformDependent.debug():76 --Dio.netty.noPreferDirect: false
2018-09-29 11:51:35.695 DEBUG [main] io.netty.channel.nio.NioEventLoop.debug():76 --Dio.netty.noKeySetOptimization: false
2018-09-29 11:51:35.695 DEBUG [main] io.netty.channel.nio.NioEventLoop.debug():76 --Dio.netty.selectorAutoRebuildThreshold: 512
2018-09-29 11:51:35.855 DEBUG [main] io.netty.channel.DefaultChannelId.debug():76 --Dio.netty.processId: 41392 (auto-detected)
2018-09-29 11:51:35.920 DEBUG [main] io.netty.channel.DefaultChannelId.debug():76 --Dio.netty.machineId: 8c:16:45:ff:fe:67:a6:ce (auto-detected)
2018-09-29 11:51:35.921 DEBUG [main] io.netty.util.internal.ThreadLocalRandom.debug():71 --Dio.netty.initialSeedUniquifier: 0xc5760865670afe18 (took 17 ms)
2018-09-29 11:51:35.944 DEBUG [main] io.netty.buffer.PooledByteBufAllocator.debug():76 --Dio.netty.allocator.numHeapArenas: 4
2018-09-29 11:51:35.944 DEBUG [main] io.netty.buffer.PooledByteBufAllocator.debug():76 --Dio.netty.allocator.numDirectArenas: 4
2018-09-29 11:51:35.944 DEBUG [main] io.netty.buffer.PooledByteBufAllocator.debug():76 --Dio.netty.allocator.pageSize: 8192
2018-09-29 11:51:35.944 DEBUG [main] io.netty.buffer.PooledByteBufAllocator.debug():76 --Dio.netty.allocator.maxOrder: 11
2018-09-29 11:51:35.944 DEBUG [main] io.netty.buffer.PooledByteBufAllocator.debug():76 --Dio.netty.allocator.chunkSize: 16777216
2018-09-29 11:51:35.945 DEBUG [main] io.netty.buffer.PooledByteBufAllocator.debug():76 --Dio.netty.allocator.tinyCacheSize: 512
2018-09-29 11:51:35.945 DEBUG [main] io.netty.buffer.PooledByteBufAllocator.debug():76 --Dio.netty.allocator.smallCacheSize: 256
2018-09-29 11:51:35.945 DEBUG [main] io.netty.buffer.PooledByteBufAllocator.debug():76 --Dio.netty.allocator.normalCacheSize: 64
2018-09-29 11:51:35.945 DEBUG [main] io.netty.buffer.PooledByteBufAllocator.debug():76 --Dio.netty.allocator.maxCachedBufferCapacity: 32768
2018-09-29 11:51:35.945 DEBUG [main] io.netty.buffer.PooledByteBufAllocator.debug():76 --Dio.netty.allocator.cacheTrimInterval: 8192
2018-09-29 11:51:35.949 DEBUG [main] io.netty.buffer.ByteBufUtil.debug():76 --Dio.netty.allocator.type: pooled
2018-09-29 11:51:35.949 DEBUG [main] io.netty.buffer.ByteBufUtil.debug():76 --Dio.netty.threadLocalDirectBufferSize: 65536
2018-09-29 11:51:36.986 DEBUG [main] io.netty.util.ResourceLeakDetector.debug():81 --Dio.netty.leakDetectionLevel: simple
2018-09-29 11:51:36.990 DEBUG [main] io.netty.util.Recycler.debug():76 --Dio.netty.recycler.maxCapacity: 262144
2018-09-29 11:51:37.022 DEBUG [nioEventLoopGroup-1-0] io.netty.util.ResourceLeakDetector.debug():81 --Dio.netty.leakDetectionLevel: simple
2018-09-29 11:51:37.024 DEBUG [nioEventLoopGroup-1-0] io.netty.util.Recycler.debug():76 --Dio.netty.recycler.maxCapacity: 262144
2018-09-29 11:51:37.033 DEBUG [nioEventLoopGroup-1-0] io.netty.channel.DefaultChannelPipeline.debug():76 -Discarded inbound message SimpleLeakAwareByteBuf(PooledUnsafeDirectByteBuf(ridx: 0, widx: 6, cap: 1024)) that reached at the tail of the pipeline. Please check your pipeline configuration.
2018-09-29 11:51:37.036 WARN  [nioEventLoopGroup-1-0] io.netty.channel.DefaultChannelPipeline.warn():151 -An exceptionCaught() event was fired, and it reached at the tail of the pipeline. It usually means the last handler in the pipeline did not handle the exception.
io.netty.util.IllegalReferenceCountException: refCnt: 0
	at io.netty.buffer.AbstractByteBuf.ensureAccessible(AbstractByteBuf.java:1150) ~[netty-all-5.0.0.Alpha2.jar:5.0.0.Alpha2]
	at io.netty.buffer.AbstractByteBuf.checkReadableBytes(AbstractByteBuf.java:1133) ~[netty-all-5.0.0.Alpha2.jar:5.0.0.Alpha2]
	at io.netty.buffer.AbstractByteBuf.readBytes(AbstractByteBuf.java:648) ~[netty-all-5.0.0.Alpha2.jar:5.0.0.Alpha2]
	at io.netty.buffer.AbstractByteBuf.readBytes(AbstractByteBuf.java:656) ~[netty-all-5.0.0.Alpha2.jar:5.0.0.Alpha2]
	at io.netty.buffer.WrappedByteBuf.readBytes(WrappedByteBuf.java:511) ~[netty-all-5.0.0.Alpha2.jar:5.0.0.Alpha2]
	at nettyDemo.helloWorld.NServerHandler1.channelRead(NServerHandler1.java:22) ~[classes/:na]
	at io.netty.channel.ChannelHandlerInvokerUtil.invokeChannelReadNow(ChannelHandlerInvokerUtil.java:84) ~[netty-all-5.0.0.Alpha2.jar:5.0.0.Alpha2]
	at io.netty.channel.DefaultChannelHandlerInvoker.invokeChannelRead(DefaultChannelHandlerInvoker.java:153) [netty-all-5.0.0.Alpha2.jar:5.0.0.Alpha2]
	at io.netty.channel.PausableChannelEventExecutor.invokeChannelRead(PausableChannelEventExecutor.java:86) [netty-all-5.0.0.Alpha2.jar:5.0.0.Alpha2]
	at io.netty.channel.AbstractChannelHandlerContext.fireChannelRead(AbstractChannelHandlerContext.java:389) [netty-all-5.0.0.Alpha2.jar:5.0.0.Alpha2]
	at io.netty.channel.DefaultChannelPipeline.fireChannelRead(DefaultChannelPipeline.java:956) [netty-all-5.0.0.Alpha2.jar:5.0.0.Alpha2]
	at io.netty.channel.nio.AbstractNioByteChannel$NioByteUnsafe.read(AbstractNioByteChannel.java:127) [netty-all-5.0.0.Alpha2.jar:5.0.0.Alpha2]
	at io.netty.channel.nio.NioEventLoop.processSelectedKey(NioEventLoop.java:514) [netty-all-5.0.0.Alpha2.jar:5.0.0.Alpha2]
	at io.netty.channel.nio.NioEventLoop.processSelectedKeysOptimized(NioEventLoop.java:471) [netty-all-5.0.0.Alpha2.jar:5.0.0.Alpha2]
	at io.netty.channel.nio.NioEventLoop.processSelectedKeys(NioEventLoop.java:385) [netty-all-5.0.0.Alpha2.jar:5.0.0.Alpha2]
	at io.netty.channel.nio.NioEventLoop.run(NioEventLoop.java:351) [netty-all-5.0.0.Alpha2.jar:5.0.0.Alpha2]
	at io.netty.util.concurrent.SingleThreadEventExecutor$2.run(SingleThreadEventExecutor.java:116) [netty-all-5.0.0.Alpha2.jar:5.0.0.Alpha2]
	at io.netty.util.internal.chmv8.ForkJoinTask$RunnableExecuteAction.exec(ForkJoinTask.java:1412) [netty-all-5.0.0.Alpha2.jar:5.0.0.Alpha2]
	at io.netty.util.internal.chmv8.ForkJoinTask.doExec(ForkJoinTask.java:280) [netty-all-5.0.0.Alpha2.jar:5.0.0.Alpha2]
	at io.netty.util.internal.chmv8.ForkJoinPool$WorkQueue.runTask(ForkJoinPool.java:877) [netty-all-5.0.0.Alpha2.jar:5.0.0.Alpha2]
	at io.netty.util.internal.chmv8.ForkJoinPool.scan(ForkJoinPool.java:1706) [netty-all-5.0.0.Alpha2.jar:5.0.0.Alpha2]
	at io.netty.util.internal.chmv8.ForkJoinPool.runWorker(ForkJoinPool.java:1661) [netty-all-5.0.0.Alpha2.jar:5.0.0.Alpha2]
	at io.netty.util.internal.chmv8.ForkJoinWorkerThread.run(ForkJoinWorkerThread.java:126) [netty-all-5.0.0.Alpha2.jar:5.0.0.Alpha2]
2018-09-29 11:52:56.649 DEBUG [main] io.netty.util.internal.logging.InternalLoggerFactory.debug():71 -Using SLF4J as the default logging framework
2018-09-29 11:52:56.656 DEBUG [main] io.netty.channel.MultithreadEventLoopGroup.debug():76 --Dio.netty.eventLoopThreads: 8
2018-09-29 11:52:56.703 DEBUG [main] io.netty.util.internal.PlatformDependent0.debug():76 -java.nio.Buffer.address: available
2018-09-29 11:52:56.703 DEBUG [main] io.netty.util.internal.PlatformDependent0.debug():76 -sun.misc.Unsafe.theUnsafe: available
2018-09-29 11:52:56.703 DEBUG [main] io.netty.util.internal.PlatformDependent0.debug():71 -sun.misc.Unsafe.copyMemory: available
2018-09-29 11:52:56.703 DEBUG [main] io.netty.util.internal.PlatformDependent0.debug():76 -java.nio.Bits.unaligned: true
2018-09-29 11:52:56.704 DEBUG [main] io.netty.util.internal.PlatformDependent.debug():71 -Platform: Windows
2018-09-29 11:52:56.704 DEBUG [main] io.netty.util.internal.PlatformDependent.debug():76 -Java version: 8
2018-09-29 11:52:56.704 DEBUG [main] io.netty.util.internal.PlatformDependent.debug():76 --Dio.netty.noUnsafe: false
2018-09-29 11:52:56.704 DEBUG [main] io.netty.util.internal.PlatformDependent.debug():76 -sun.misc.Unsafe: available
2018-09-29 11:52:56.705 DEBUG [main] io.netty.util.internal.PlatformDependent.debug():76 --Dio.netty.noJavassist: false
2018-09-29 11:52:56.705 DEBUG [main] io.netty.util.internal.PlatformDependent.debug():71 -Javassist: unavailable
2018-09-29 11:52:56.706 DEBUG [main] io.netty.util.internal.PlatformDependent.debug():71 -You don't have Javassist in your class path or you don't have enough permission to load dynamically generated classes.  Please check the configuration for better performance.
2018-09-29 11:52:56.706 DEBUG [main] io.netty.util.internal.PlatformDependent.debug():76 --Dio.netty.tmpdir: C:\Users\刘源\AppData\Local\Temp (java.io.tmpdir)
2018-09-29 11:52:56.707 DEBUG [main] io.netty.util.internal.PlatformDependent.debug():76 --Dio.netty.bitMode: 64 (sun.arch.data.model)
2018-09-29 11:52:56.707 DEBUG [main] io.netty.util.internal.PlatformDependent.debug():76 --Dio.netty.noPreferDirect: false
2018-09-29 11:52:56.708 DEBUG [main] io.netty.channel.nio.NioEventLoop.debug():76 --Dio.netty.noKeySetOptimization: false
2018-09-29 11:52:56.708 DEBUG [main] io.netty.channel.nio.NioEventLoop.debug():76 --Dio.netty.selectorAutoRebuildThreshold: 512
2018-09-29 11:52:56.879 DEBUG [main] io.netty.channel.DefaultChannelId.debug():76 --Dio.netty.processId: 43684 (auto-detected)
2018-09-29 11:52:56.935 DEBUG [main] io.netty.channel.DefaultChannelId.debug():76 --Dio.netty.machineId: 8c:16:45:ff:fe:67:a6:ce (auto-detected)
2018-09-29 11:52:56.937 DEBUG [main] io.netty.util.internal.ThreadLocalRandom.debug():71 --Dio.netty.initialSeedUniquifier: 0x25d671dd19618a5f (took 28 ms)
2018-09-29 11:52:56.958 DEBUG [main] io.netty.buffer.PooledByteBufAllocator.debug():76 --Dio.netty.allocator.numHeapArenas: 4
2018-09-29 11:52:56.958 DEBUG [main] io.netty.buffer.PooledByteBufAllocator.debug():76 --Dio.netty.allocator.numDirectArenas: 4
2018-09-29 11:52:56.958 DEBUG [main] io.netty.buffer.PooledByteBufAllocator.debug():76 --Dio.netty.allocator.pageSize: 8192
2018-09-29 11:52:56.959 DEBUG [main] io.netty.buffer.PooledByteBufAllocator.debug():76 --Dio.netty.allocator.maxOrder: 11
2018-09-29 11:52:56.959 DEBUG [main] io.netty.buffer.PooledByteBufAllocator.debug():76 --Dio.netty.allocator.chunkSize: 16777216
2018-09-29 11:52:56.959 DEBUG [main] io.netty.buffer.PooledByteBufAllocator.debug():76 --Dio.netty.allocator.tinyCacheSize: 512
2018-09-29 11:52:56.959 DEBUG [main] io.netty.buffer.PooledByteBufAllocator.debug():76 --Dio.netty.allocator.smallCacheSize: 256
2018-09-29 11:52:56.959 DEBUG [main] io.netty.buffer.PooledByteBufAllocator.debug():76 --Dio.netty.allocator.normalCacheSize: 64
2018-09-29 11:52:56.960 DEBUG [main] io.netty.buffer.PooledByteBufAllocator.debug():76 --Dio.netty.allocator.maxCachedBufferCapacity: 32768
2018-09-29 11:52:56.960 DEBUG [main] io.netty.buffer.PooledByteBufAllocator.debug():76 --Dio.netty.allocator.cacheTrimInterval: 8192
2018-09-29 11:52:56.964 DEBUG [main] io.netty.buffer.ByteBufUtil.debug():76 --Dio.netty.allocator.type: pooled
2018-09-29 11:52:56.964 DEBUG [main] io.netty.buffer.ByteBufUtil.debug():76 --Dio.netty.threadLocalDirectBufferSize: 65536
2018-09-29 11:52:57.015 DEBUG [main] io.netty.util.NetUtil.debug():86 -Loopback interface: lo (Software Loopback Interface 1, 127.0.0.1)
2018-09-29 11:52:57.016 DEBUG [main] io.netty.util.NetUtil.debug():81 -\proc\sys\net\core\somaxconn: 200 (non-existent)
2018-09-29 11:53:06.653 DEBUG [main] io.netty.util.internal.logging.InternalLoggerFactory.debug():71 -Using SLF4J as the default logging framework
2018-09-29 11:53:06.659 DEBUG [main] io.netty.channel.MultithreadEventLoopGroup.debug():76 --Dio.netty.eventLoopThreads: 8
2018-09-29 11:53:06.704 DEBUG [main] io.netty.util.internal.PlatformDependent0.debug():76 -java.nio.Buffer.address: available
2018-09-29 11:53:06.704 DEBUG [main] io.netty.util.internal.PlatformDependent0.debug():76 -sun.misc.Unsafe.theUnsafe: available
2018-09-29 11:53:06.705 DEBUG [main] io.netty.util.internal.PlatformDependent0.debug():71 -sun.misc.Unsafe.copyMemory: available
2018-09-29 11:53:06.705 DEBUG [main] io.netty.util.internal.PlatformDependent0.debug():76 -java.nio.Bits.unaligned: true
2018-09-29 11:53:06.706 DEBUG [main] io.netty.util.internal.PlatformDependent.debug():71 -Platform: Windows
2018-09-29 11:53:06.706 DEBUG [main] io.netty.util.internal.PlatformDependent.debug():76 -Java version: 8
2018-09-29 11:53:06.706 DEBUG [main] io.netty.util.internal.PlatformDependent.debug():76 --Dio.netty.noUnsafe: false
2018-09-29 11:53:06.707 DEBUG [main] io.netty.util.internal.PlatformDependent.debug():76 -sun.misc.Unsafe: available
2018-09-29 11:53:06.707 DEBUG [main] io.netty.util.internal.PlatformDependent.debug():76 --Dio.netty.noJavassist: false
2018-09-29 11:53:06.708 DEBUG [main] io.netty.util.internal.PlatformDependent.debug():71 -Javassist: unavailable
2018-09-29 11:53:06.709 DEBUG [main] io.netty.util.internal.PlatformDependent.debug():71 -You don't have Javassist in your class path or you don't have enough permission to load dynamically generated classes.  Please check the configuration for better performance.
2018-09-29 11:53:06.709 DEBUG [main] io.netty.util.internal.PlatformDependent.debug():76 --Dio.netty.tmpdir: C:\Users\刘源\AppData\Local\Temp (java.io.tmpdir)
2018-09-29 11:53:06.710 DEBUG [main] io.netty.util.internal.PlatformDependent.debug():76 --Dio.netty.bitMode: 64 (sun.arch.data.model)
2018-09-29 11:53:06.710 DEBUG [main] io.netty.util.internal.PlatformDependent.debug():76 --Dio.netty.noPreferDirect: false
2018-09-29 11:53:06.711 DEBUG [main] io.netty.channel.nio.NioEventLoop.debug():76 --Dio.netty.noKeySetOptimization: false
2018-09-29 11:53:06.711 DEBUG [main] io.netty.channel.nio.NioEventLoop.debug():76 --Dio.netty.selectorAutoRebuildThreshold: 512
2018-09-29 11:53:06.880 DEBUG [main] io.netty.channel.DefaultChannelId.debug():76 --Dio.netty.processId: 43384 (auto-detected)
2018-09-29 11:53:06.937 DEBUG [main] io.netty.channel.DefaultChannelId.debug():76 --Dio.netty.machineId: 8c:16:45:ff:fe:67:a6:ce (auto-detected)
2018-09-29 11:53:06.938 DEBUG [main] io.netty.util.internal.ThreadLocalRandom.debug():71 --Dio.netty.initialSeedUniquifier: 0xf250aa6c5a5e138a (took 17 ms)
2018-09-29 11:53:06.961 DEBUG [main] io.netty.buffer.PooledByteBufAllocator.debug():76 --Dio.netty.allocator.numHeapArenas: 4
2018-09-29 11:53:06.962 DEBUG [main] io.netty.buffer.PooledByteBufAllocator.debug():76 --Dio.netty.allocator.numDirectArenas: 4
2018-09-29 11:53:06.962 DEBUG [main] io.netty.buffer.PooledByteBufAllocator.debug():76 --Dio.netty.allocator.pageSize: 8192
2018-09-29 11:53:06.962 DEBUG [main] io.netty.buffer.PooledByteBufAllocator.debug():76 --Dio.netty.allocator.maxOrder: 11
2018-09-29 11:53:06.962 DEBUG [main] io.netty.buffer.PooledByteBufAllocator.debug():76 --Dio.netty.allocator.chunkSize: 16777216
2018-09-29 11:53:06.962 DEBUG [main] io.netty.buffer.PooledByteBufAllocator.debug():76 --Dio.netty.allocator.tinyCacheSize: 512
2018-09-29 11:53:06.963 DEBUG [main] io.netty.buffer.PooledByteBufAllocator.debug():76 --Dio.netty.allocator.smallCacheSize: 256
2018-09-29 11:53:06.963 DEBUG [main] io.netty.buffer.PooledByteBufAllocator.debug():76 --Dio.netty.allocator.normalCacheSize: 64
2018-09-29 11:53:06.963 DEBUG [main] io.netty.buffer.PooledByteBufAllocator.debug():76 --Dio.netty.allocator.maxCachedBufferCapacity: 32768
2018-09-29 11:53:06.963 DEBUG [main] io.netty.buffer.PooledByteBufAllocator.debug():76 --Dio.netty.allocator.cacheTrimInterval: 8192
2018-09-29 11:53:06.967 DEBUG [main] io.netty.buffer.ByteBufUtil.debug():76 --Dio.netty.allocator.type: pooled
2018-09-29 11:53:06.967 DEBUG [main] io.netty.buffer.ByteBufUtil.debug():76 --Dio.netty.threadLocalDirectBufferSize: 65536
2018-09-29 11:53:08.004 DEBUG [main] io.netty.util.ResourceLeakDetector.debug():81 --Dio.netty.leakDetectionLevel: simple
2018-09-29 11:53:08.009 DEBUG [main] io.netty.util.Recycler.debug():76 --Dio.netty.recycler.maxCapacity: 262144
2018-09-29 11:53:08.043 DEBUG [nioEventLoopGroup-1-0] io.netty.util.ResourceLeakDetector.debug():81 --Dio.netty.leakDetectionLevel: simple
2018-09-29 11:53:08.044 DEBUG [nioEventLoopGroup-1-0] io.netty.util.Recycler.debug():76 --Dio.netty.recycler.maxCapacity: 262144
