2018-05-19 00:13:19.282 DEBUG [main] org.apache.ibatis.logging.LogFactory.setImplementation():115 -Logging initialized using 'class org.apache.ibatis.logging.slf4j.Slf4jImpl' adapter.
2018-05-19 00:13:20.059 DEBUG [main] org.mybatis.spring.SqlSessionFactoryBean.buildSqlSessionFactory():358 -Property 'configLocation' not specified, using default MyBatis Configuration
2018-05-19 00:13:20.122 DEBUG [main] org.mybatis.spring.SqlSessionFactoryBean.buildSqlSessionFactory():468 -Parsed mapper file: 'file [C:\123workspace\qwer\target\classes\com\demo\entity\AsdfMapper.xml]'
2018-05-19 00:13:20.232 DEBUG [main] org.mybatis.spring.SqlSessionUtils.getSqlSession():106 -Creating a new SqlSession
2018-05-19 00:13:20.236 DEBUG [main] org.mybatis.spring.SqlSessionUtils.getSqlSession():122 -Registering transaction synchronization for SqlSession [org.apache.ibatis.session.defaults.DefaultSqlSession@2f4205be]
2018-05-19 00:13:20.258 DEBUG [main] org.mybatis.spring.transaction.SpringManagedTransaction.openConnection():85 -JDBC Connection [com.alibaba.druid.proxy.jdbc.ConnectionProxyImpl@2320fa6f] will be managed by Spring
2018-05-19 00:13:20.259 DEBUG [main] com.demo.dao.AsdfDao.findAsdfById.debug():132 -ooo Using Connection [com.alibaba.druid.proxy.jdbc.ConnectionProxyImpl@2320fa6f]
2018-05-19 00:13:20.263 DEBUG [main] com.demo.dao.AsdfDao.findAsdfById.debug():132 -==>  Preparing: select id,name ,value ,valid from Demo where id=? 
2018-05-19 00:13:20.328 DEBUG [main] com.demo.dao.AsdfDao.findAsdfById.debug():132 -==> Parameters: 4(String)
2018-05-19 00:13:20.346 DEBUG [main] org.mybatis.spring.SqlSessionUtils.closeSqlSession():165 -Releasing transactional SqlSession [org.apache.ibatis.session.defaults.DefaultSqlSession@2f4205be]
2018-05-19 00:13:20.346 DEBUG [main] org.mybatis.spring.SqlSessionUtils.getSqlSession():99 -Fetched SqlSession [org.apache.ibatis.session.defaults.DefaultSqlSession@2f4205be] from current transaction
2018-05-19 00:13:20.346 DEBUG [main] com.demo.dao.AsdfDao.plusValidSetPeriod.debug():132 -ooo Using Connection [com.alibaba.druid.proxy.jdbc.ConnectionProxyImpl@2320fa6f]
2018-05-19 00:13:20.347 DEBUG [main] com.demo.dao.AsdfDao.plusValidSetPeriod.debug():132 -==>  Preparing: update demo d set d.valid={period} where d.id=? 
2018-05-19 00:13:20.375 DEBUG [main] org.mybatis.spring.SqlSessionUtils.closeSqlSession():165 -Releasing transactional SqlSession [org.apache.ibatis.session.defaults.DefaultSqlSession@2f4205be]
2018-05-19 00:13:20.380 DEBUG [main] org.mybatis.spring.SqlSessionUtils.afterCompletion():283 -Transaction synchronization rolling back SqlSession [org.apache.ibatis.session.defaults.DefaultSqlSession@2f4205be]
2018-05-19 00:13:20.380 DEBUG [main] org.mybatis.spring.SqlSessionUtils.afterCompletion():298 -Transaction synchronization closing SqlSession [org.apache.ibatis.session.defaults.DefaultSqlSession@2f4205be]
2018-05-19 00:13:55.867 DEBUG [main] org.apache.ibatis.logging.LogFactory.setImplementation():115 -Logging initialized using 'class org.apache.ibatis.logging.slf4j.Slf4jImpl' adapter.
2018-05-19 00:13:56.703 DEBUG [main] org.mybatis.spring.SqlSessionFactoryBean.buildSqlSessionFactory():358 -Property 'configLocation' not specified, using default MyBatis Configuration
2018-05-19 00:13:56.777 DEBUG [main] org.mybatis.spring.SqlSessionFactoryBean.buildSqlSessionFactory():468 -Parsed mapper file: 'file [C:\123workspace\qwer\target\classes\com\demo\entity\AsdfMapper.xml]'
2018-05-19 00:14:09.956 DEBUG [main] org.mybatis.spring.SqlSessionUtils.getSqlSession():106 -Creating a new SqlSession
2018-05-19 00:14:09.970 DEBUG [main] org.mybatis.spring.SqlSessionUtils.getSqlSession():122 -Registering transaction synchronization for SqlSession [org.apache.ibatis.session.defaults.DefaultSqlSession@ba354ca]
2018-05-19 00:14:10.055 DEBUG [main] org.mybatis.spring.transaction.SpringManagedTransaction.openConnection():85 -JDBC Connection [com.alibaba.druid.proxy.jdbc.ConnectionProxyImpl@4647881c] will be managed by Spring
2018-05-19 00:14:10.058 DEBUG [main] com.demo.dao.AsdfDao.findAsdfById.debug():132 -ooo Using Connection [com.alibaba.druid.proxy.jdbc.ConnectionProxyImpl@4647881c]
2018-05-19 00:14:10.091 DEBUG [main] com.demo.dao.AsdfDao.findAsdfById.debug():132 -==>  Preparing: select id,name ,value ,valid from Demo where id=? 
2018-05-19 00:14:10.425 DEBUG [main] com.demo.dao.AsdfDao.findAsdfById.debug():132 -==> Parameters: 4(String)
2018-05-19 00:14:10.565 DEBUG [main] org.mybatis.spring.SqlSessionUtils.closeSqlSession():165 -Releasing transactional SqlSession [org.apache.ibatis.session.defaults.DefaultSqlSession@ba354ca]
2018-05-19 00:15:09.483 DEBUG [main] org.mybatis.spring.SqlSessionUtils.getSqlSession():99 -Fetched SqlSession [org.apache.ibatis.session.defaults.DefaultSqlSession@ba354ca] from current transaction
2018-05-19 00:15:09.483 DEBUG [main] com.demo.dao.AsdfDao.plusValidSetPeriod.debug():132 -ooo Using Connection [com.alibaba.druid.proxy.jdbc.ConnectionProxyImpl@4647881c]
2018-05-19 00:15:09.483 DEBUG [main] com.demo.dao.AsdfDao.plusValidSetPeriod.debug():132 -==>  Preparing: update demo d set d.valid={period} where d.id=? 
2018-05-19 00:15:09.562 DEBUG [main] org.mybatis.spring.SqlSessionUtils.closeSqlSession():165 -Releasing transactional SqlSession [org.apache.ibatis.session.defaults.DefaultSqlSession@ba354ca]
2018-05-19 00:15:09.566 DEBUG [main] org.mybatis.spring.SqlSessionUtils.afterCompletion():283 -Transaction synchronization rolling back SqlSession [org.apache.ibatis.session.defaults.DefaultSqlSession@ba354ca]
2018-05-19 00:15:09.566 DEBUG [main] org.mybatis.spring.SqlSessionUtils.afterCompletion():298 -Transaction synchronization closing SqlSession [org.apache.ibatis.session.defaults.DefaultSqlSession@ba354ca]
2018-05-19 00:19:53.559 DEBUG [main] org.apache.ibatis.logging.LogFactory.setImplementation():115 -Logging initialized using 'class org.apache.ibatis.logging.slf4j.Slf4jImpl' adapter.
2018-05-19 00:19:54.334 DEBUG [main] org.mybatis.spring.SqlSessionFactoryBean.buildSqlSessionFactory():358 -Property 'configLocation' not specified, using default MyBatis Configuration
2018-05-19 00:19:54.396 DEBUG [main] org.mybatis.spring.SqlSessionFactoryBean.buildSqlSessionFactory():468 -Parsed mapper file: 'file [C:\123workspace\qwer\target\classes\com\demo\entity\AsdfMapper.xml]'
2018-05-19 00:19:54.508 DEBUG [main] org.mybatis.spring.SqlSessionUtils.getSqlSession():106 -Creating a new SqlSession
2018-05-19 00:19:54.511 DEBUG [main] org.mybatis.spring.SqlSessionUtils.getSqlSession():122 -Registering transaction synchronization for SqlSession [org.apache.ibatis.session.defaults.DefaultSqlSession@2f4205be]
2018-05-19 00:19:54.533 DEBUG [main] org.mybatis.spring.transaction.SpringManagedTransaction.openConnection():85 -JDBC Connection [com.alibaba.druid.proxy.jdbc.ConnectionProxyImpl@2320fa6f] will be managed by Spring
2018-05-19 00:19:54.534 DEBUG [main] com.demo.dao.AsdfDao.findAsdfById.debug():132 -ooo Using Connection [com.alibaba.druid.proxy.jdbc.ConnectionProxyImpl@2320fa6f]
2018-05-19 00:19:54.538 DEBUG [main] com.demo.dao.AsdfDao.findAsdfById.debug():132 -==>  Preparing: select id,name ,value ,valid from Demo where id=? 
2018-05-19 00:19:54.602 DEBUG [main] com.demo.dao.AsdfDao.findAsdfById.debug():132 -==> Parameters: 4(String)
2018-05-19 00:19:54.621 DEBUG [main] org.mybatis.spring.SqlSessionUtils.closeSqlSession():165 -Releasing transactional SqlSession [org.apache.ibatis.session.defaults.DefaultSqlSession@2f4205be]
2018-05-19 00:19:54.621 DEBUG [main] org.mybatis.spring.SqlSessionUtils.getSqlSession():99 -Fetched SqlSession [org.apache.ibatis.session.defaults.DefaultSqlSession@2f4205be] from current transaction
2018-05-19 00:19:54.621 DEBUG [main] com.demo.dao.AsdfDao.plusValidSetPeriod.debug():132 -ooo Using Connection [com.alibaba.druid.proxy.jdbc.ConnectionProxyImpl@2320fa6f]
2018-05-19 00:19:54.622 DEBUG [main] com.demo.dao.AsdfDao.plusValidSetPeriod.debug():132 -==>  Preparing: update demo d set d.valid=? where d.id=? 
2018-05-19 00:19:54.624 DEBUG [main] com.demo.dao.AsdfDao.plusValidSetPeriod.debug():132 -==> Parameters: 1(Integer), 4(Integer)
2018-05-19 00:19:54.632 DEBUG [main] org.mybatis.spring.SqlSessionUtils.closeSqlSession():165 -Releasing transactional SqlSession [org.apache.ibatis.session.defaults.DefaultSqlSession@2f4205be]
2018-05-19 00:19:54.638 DEBUG [main] org.mybatis.spring.SqlSessionUtils.afterCompletion():277 -Transaction synchronization committing SqlSession [org.apache.ibatis.session.defaults.DefaultSqlSession@2f4205be]
2018-05-19 00:19:54.638 DEBUG [main] org.mybatis.spring.SqlSessionUtils.afterCompletion():298 -Transaction synchronization closing SqlSession [org.apache.ibatis.session.defaults.DefaultSqlSession@2f4205be]
2018-05-19 00:20:16.257 DEBUG [main] org.apache.ibatis.logging.LogFactory.setImplementation():115 -Logging initialized using 'class org.apache.ibatis.logging.slf4j.Slf4jImpl' adapter.
2018-05-19 00:20:17.002 DEBUG [main] org.mybatis.spring.SqlSessionFactoryBean.buildSqlSessionFactory():358 -Property 'configLocation' not specified, using default MyBatis Configuration
2018-05-19 00:20:17.064 DEBUG [main] org.mybatis.spring.SqlSessionFactoryBean.buildSqlSessionFactory():468 -Parsed mapper file: 'file [C:\123workspace\qwer\target\classes\com\demo\entity\AsdfMapper.xml]'
2018-05-19 00:20:17.176 DEBUG [main] org.mybatis.spring.SqlSessionUtils.getSqlSession():106 -Creating a new SqlSession
2018-05-19 00:20:17.179 DEBUG [main] org.mybatis.spring.SqlSessionUtils.getSqlSession():122 -Registering transaction synchronization for SqlSession [org.apache.ibatis.session.defaults.DefaultSqlSession@2f4205be]
2018-05-19 00:20:17.201 DEBUG [main] org.mybatis.spring.transaction.SpringManagedTransaction.openConnection():85 -JDBC Connection [com.alibaba.druid.proxy.jdbc.ConnectionProxyImpl@2320fa6f] will be managed by Spring
2018-05-19 00:20:17.202 DEBUG [main] com.demo.dao.AsdfDao.findAsdfById.debug():132 -ooo Using Connection [com.alibaba.druid.proxy.jdbc.ConnectionProxyImpl@2320fa6f]
2018-05-19 00:20:17.205 DEBUG [main] com.demo.dao.AsdfDao.findAsdfById.debug():132 -==>  Preparing: select id,name ,value ,valid from Demo where id=? 
2018-05-19 00:20:17.271 DEBUG [main] com.demo.dao.AsdfDao.findAsdfById.debug():132 -==> Parameters: 4(String)
2018-05-19 00:20:17.288 DEBUG [main] org.mybatis.spring.SqlSessionUtils.closeSqlSession():165 -Releasing transactional SqlSession [org.apache.ibatis.session.defaults.DefaultSqlSession@2f4205be]
2018-05-19 00:20:17.289 DEBUG [main] org.mybatis.spring.SqlSessionUtils.getSqlSession():99 -Fetched SqlSession [org.apache.ibatis.session.defaults.DefaultSqlSession@2f4205be] from current transaction
2018-05-19 00:20:17.289 DEBUG [main] com.demo.dao.AsdfDao.plusValidSetPeriod.debug():132 -ooo Using Connection [com.alibaba.druid.proxy.jdbc.ConnectionProxyImpl@2320fa6f]
2018-05-19 00:20:17.289 DEBUG [main] com.demo.dao.AsdfDao.plusValidSetPeriod.debug():132 -==>  Preparing: update demo d set d.valid=? where d.id=? 
2018-05-19 00:20:17.292 DEBUG [main] com.demo.dao.AsdfDao.plusValidSetPeriod.debug():132 -==> Parameters: 2(Integer), 4(Integer)
2018-05-19 00:20:17.298 DEBUG [main] org.mybatis.spring.SqlSessionUtils.closeSqlSession():165 -Releasing transactional SqlSession [org.apache.ibatis.session.defaults.DefaultSqlSession@2f4205be]
2018-05-19 00:20:17.302 DEBUG [main] org.mybatis.spring.SqlSessionUtils.afterCompletion():277 -Transaction synchronization committing SqlSession [org.apache.ibatis.session.defaults.DefaultSqlSession@2f4205be]
2018-05-19 00:20:17.303 DEBUG [main] org.mybatis.spring.SqlSessionUtils.afterCompletion():298 -Transaction synchronization closing SqlSession [org.apache.ibatis.session.defaults.DefaultSqlSession@2f4205be]
2018-05-19 00:22:16.742 DEBUG [main] org.apache.ibatis.logging.LogFactory.setImplementation():115 -Logging initialized using 'class org.apache.ibatis.logging.slf4j.Slf4jImpl' adapter.
2018-05-19 00:22:17.510 DEBUG [main] org.mybatis.spring.SqlSessionFactoryBean.buildSqlSessionFactory():358 -Property 'configLocation' not specified, using default MyBatis Configuration
2018-05-19 00:22:17.575 DEBUG [main] org.mybatis.spring.SqlSessionFactoryBean.buildSqlSessionFactory():468 -Parsed mapper file: 'file [C:\123workspace\qwer\target\classes\com\demo\entity\AsdfMapper.xml]'
2018-05-19 00:22:17.687 DEBUG [main] org.mybatis.spring.SqlSessionUtils.getSqlSession():106 -Creating a new SqlSession
2018-05-19 00:22:17.690 DEBUG [main] org.mybatis.spring.SqlSessionUtils.getSqlSession():122 -Registering transaction synchronization for SqlSession [org.apache.ibatis.session.defaults.DefaultSqlSession@2f4205be]
2018-05-19 00:22:17.712 DEBUG [main] org.mybatis.spring.transaction.SpringManagedTransaction.openConnection():85 -JDBC Connection [com.alibaba.druid.proxy.jdbc.ConnectionProxyImpl@2320fa6f] will be managed by Spring
2018-05-19 00:22:17.713 DEBUG [main] com.demo.dao.AsdfDao.findAsdfById.debug():132 -ooo Using Connection [com.alibaba.druid.proxy.jdbc.ConnectionProxyImpl@2320fa6f]
2018-05-19 00:22:17.717 DEBUG [main] com.demo.dao.AsdfDao.findAsdfById.debug():132 -==>  Preparing: select id,name ,value ,valid from Demo where id=? 
2018-05-19 00:22:17.787 DEBUG [main] com.demo.dao.AsdfDao.findAsdfById.debug():132 -==> Parameters: 4(String)
2018-05-19 00:22:17.805 DEBUG [main] org.mybatis.spring.SqlSessionUtils.closeSqlSession():165 -Releasing transactional SqlSession [org.apache.ibatis.session.defaults.DefaultSqlSession@2f4205be]
2018-05-19 00:22:17.805 DEBUG [main] org.mybatis.spring.SqlSessionUtils.getSqlSession():99 -Fetched SqlSession [org.apache.ibatis.session.defaults.DefaultSqlSession@2f4205be] from current transaction
2018-05-19 00:22:17.806 DEBUG [main] com.demo.dao.AsdfDao.plusValidAddPeriod.debug():132 -ooo Using Connection [com.alibaba.druid.proxy.jdbc.ConnectionProxyImpl@2320fa6f]
2018-05-19 00:22:17.806 DEBUG [main] com.demo.dao.AsdfDao.plusValidAddPeriod.debug():132 -==>  Preparing: update demo d set d.valid=d.valid+? where d.id=? 
2018-05-19 00:22:17.808 DEBUG [main] com.demo.dao.AsdfDao.plusValidAddPeriod.debug():132 -==> Parameters: 1(Integer), 4(Integer)
2018-05-19 00:22:17.815 DEBUG [main] org.mybatis.spring.SqlSessionUtils.closeSqlSession():165 -Releasing transactional SqlSession [org.apache.ibatis.session.defaults.DefaultSqlSession@2f4205be]
2018-05-19 00:22:17.819 DEBUG [main] org.mybatis.spring.SqlSessionUtils.afterCompletion():277 -Transaction synchronization committing SqlSession [org.apache.ibatis.session.defaults.DefaultSqlSession@2f4205be]
2018-05-19 00:22:17.819 DEBUG [main] org.mybatis.spring.SqlSessionUtils.afterCompletion():298 -Transaction synchronization closing SqlSession [org.apache.ibatis.session.defaults.DefaultSqlSession@2f4205be]
2018-05-19 00:22:52.897 DEBUG [main] org.apache.ibatis.logging.LogFactory.setImplementation():115 -Logging initialized using 'class org.apache.ibatis.logging.slf4j.Slf4jImpl' adapter.
2018-05-19 00:22:53.625 DEBUG [main] org.mybatis.spring.SqlSessionFactoryBean.buildSqlSessionFactory():358 -Property 'configLocation' not specified, using default MyBatis Configuration
2018-05-19 00:22:53.688 DEBUG [main] org.mybatis.spring.SqlSessionFactoryBean.buildSqlSessionFactory():468 -Parsed mapper file: 'file [C:\123workspace\qwer\target\classes\com\demo\entity\AsdfMapper.xml]'
2018-05-19 00:22:53.795 DEBUG [main] org.mybatis.spring.SqlSessionUtils.getSqlSession():106 -Creating a new SqlSession
2018-05-19 00:22:53.798 DEBUG [main] org.mybatis.spring.SqlSessionUtils.getSqlSession():122 -Registering transaction synchronization for SqlSession [org.apache.ibatis.session.defaults.DefaultSqlSession@2f4205be]
2018-05-19 00:22:53.820 DEBUG [main] org.mybatis.spring.transaction.SpringManagedTransaction.openConnection():85 -JDBC Connection [com.alibaba.druid.proxy.jdbc.ConnectionProxyImpl@2320fa6f] will be managed by Spring
2018-05-19 00:22:53.821 DEBUG [main] com.demo.dao.AsdfDao.findAsdfById.debug():132 -ooo Using Connection [com.alibaba.druid.proxy.jdbc.ConnectionProxyImpl@2320fa6f]
2018-05-19 00:22:53.824 DEBUG [main] com.demo.dao.AsdfDao.findAsdfById.debug():132 -==>  Preparing: select id,name ,value ,valid from Demo where id=? 
2018-05-19 00:22:53.888 DEBUG [main] com.demo.dao.AsdfDao.findAsdfById.debug():132 -==> Parameters: 5(String)
2018-05-19 00:22:53.905 DEBUG [main] org.mybatis.spring.SqlSessionUtils.closeSqlSession():165 -Releasing transactional SqlSession [org.apache.ibatis.session.defaults.DefaultSqlSession@2f4205be]
2018-05-19 00:22:53.905 DEBUG [main] org.mybatis.spring.SqlSessionUtils.getSqlSession():99 -Fetched SqlSession [org.apache.ibatis.session.defaults.DefaultSqlSession@2f4205be] from current transaction
2018-05-19 00:22:53.905 DEBUG [main] com.demo.dao.AsdfDao.plusValidAddPeriod.debug():132 -ooo Using Connection [com.alibaba.druid.proxy.jdbc.ConnectionProxyImpl@2320fa6f]
2018-05-19 00:22:53.906 DEBUG [main] com.demo.dao.AsdfDao.plusValidAddPeriod.debug():132 -==>  Preparing: update demo d set d.valid=d.valid+? where d.id=? 
2018-05-19 00:22:53.908 DEBUG [main] com.demo.dao.AsdfDao.plusValidAddPeriod.debug():132 -==> Parameters: 1(Integer), 4(Integer)
2018-05-19 00:22:53.913 DEBUG [main] org.mybatis.spring.SqlSessionUtils.closeSqlSession():165 -Releasing transactional SqlSession [org.apache.ibatis.session.defaults.DefaultSqlSession@2f4205be]
2018-05-19 00:22:53.916 DEBUG [main] org.mybatis.spring.SqlSessionUtils.afterCompletion():277 -Transaction synchronization committing SqlSession [org.apache.ibatis.session.defaults.DefaultSqlSession@2f4205be]
2018-05-19 00:22:53.916 DEBUG [main] org.mybatis.spring.SqlSessionUtils.afterCompletion():298 -Transaction synchronization closing SqlSession [org.apache.ibatis.session.defaults.DefaultSqlSession@2f4205be]
2018-05-19 00:24:55.594 DEBUG [main] org.apache.ibatis.logging.LogFactory.setImplementation():115 -Logging initialized using 'class org.apache.ibatis.logging.slf4j.Slf4jImpl' adapter.
2018-05-19 00:24:56.396 DEBUG [main] org.mybatis.spring.SqlSessionFactoryBean.buildSqlSessionFactory():358 -Property 'configLocation' not specified, using default MyBatis Configuration
2018-05-19 00:24:56.458 DEBUG [main] org.mybatis.spring.SqlSessionFactoryBean.buildSqlSessionFactory():468 -Parsed mapper file: 'file [C:\123workspace\qwer\target\classes\com\demo\entity\AsdfMapper.xml]'
2018-05-19 00:24:56.565 DEBUG [main] org.mybatis.spring.SqlSessionUtils.getSqlSession():106 -Creating a new SqlSession
2018-05-19 00:24:56.569 DEBUG [main] org.mybatis.spring.SqlSessionUtils.getSqlSession():122 -Registering transaction synchronization for SqlSession [org.apache.ibatis.session.defaults.DefaultSqlSession@2f4205be]
2018-05-19 00:24:56.590 DEBUG [main] org.mybatis.spring.transaction.SpringManagedTransaction.openConnection():85 -JDBC Connection [com.alibaba.druid.proxy.jdbc.ConnectionProxyImpl@2320fa6f] will be managed by Spring
2018-05-19 00:24:56.592 DEBUG [main] com.demo.dao.AsdfDao.findAsdfById.debug():132 -ooo Using Connection [com.alibaba.druid.proxy.jdbc.ConnectionProxyImpl@2320fa6f]
2018-05-19 00:24:56.595 DEBUG [main] com.demo.dao.AsdfDao.findAsdfById.debug():132 -==>  Preparing: select id,name ,value ,valid from Demo where id=? 
2018-05-19 00:24:56.658 DEBUG [main] com.demo.dao.AsdfDao.findAsdfById.debug():132 -==> Parameters: 5(String)
2018-05-19 00:24:56.678 DEBUG [main] org.mybatis.spring.SqlSessionUtils.closeSqlSession():165 -Releasing transactional SqlSession [org.apache.ibatis.session.defaults.DefaultSqlSession@2f4205be]
2018-05-19 00:24:56.678 DEBUG [main] org.mybatis.spring.SqlSessionUtils.getSqlSession():99 -Fetched SqlSession [org.apache.ibatis.session.defaults.DefaultSqlSession@2f4205be] from current transaction
2018-05-19 00:24:56.679 DEBUG [main] com.demo.dao.AsdfDao.plusValidAddPeriod.debug():132 -ooo Using Connection [com.alibaba.druid.proxy.jdbc.ConnectionProxyImpl@2320fa6f]
2018-05-19 00:24:56.679 DEBUG [main] com.demo.dao.AsdfDao.plusValidAddPeriod.debug():132 -==>  Preparing: update demo d set d.valid=d.valid+? where d.id=? 
2018-05-19 00:24:56.681 DEBUG [main] com.demo.dao.AsdfDao.plusValidAddPeriod.debug():132 -==> Parameters: 1(Integer), 4(Integer)
2018-05-19 00:24:56.690 DEBUG [main] org.mybatis.spring.SqlSessionUtils.closeSqlSession():165 -Releasing transactional SqlSession [org.apache.ibatis.session.defaults.DefaultSqlSession@2f4205be]
2018-05-19 00:24:56.696 DEBUG [main] org.mybatis.spring.SqlSessionUtils.afterCompletion():277 -Transaction synchronization committing SqlSession [org.apache.ibatis.session.defaults.DefaultSqlSession@2f4205be]
2018-05-19 00:24:56.696 DEBUG [main] org.mybatis.spring.SqlSessionUtils.afterCompletion():298 -Transaction synchronization closing SqlSession [org.apache.ibatis.session.defaults.DefaultSqlSession@2f4205be]
2018-05-19 00:25:18.705 DEBUG [main] org.apache.ibatis.logging.LogFactory.setImplementation():115 -Logging initialized using 'class org.apache.ibatis.logging.slf4j.Slf4jImpl' adapter.
2018-05-19 00:25:19.485 DEBUG [main] org.mybatis.spring.SqlSessionFactoryBean.buildSqlSessionFactory():358 -Property 'configLocation' not specified, using default MyBatis Configuration
2018-05-19 00:25:19.549 DEBUG [main] org.mybatis.spring.SqlSessionFactoryBean.buildSqlSessionFactory():468 -Parsed mapper file: 'file [C:\123workspace\qwer\target\classes\com\demo\entity\AsdfMapper.xml]'
2018-05-19 00:25:19.656 DEBUG [main] org.mybatis.spring.SqlSessionUtils.getSqlSession():106 -Creating a new SqlSession
2018-05-19 00:25:19.659 DEBUG [main] org.mybatis.spring.SqlSessionUtils.getSqlSession():122 -Registering transaction synchronization for SqlSession [org.apache.ibatis.session.defaults.DefaultSqlSession@2f4205be]
2018-05-19 00:25:19.681 DEBUG [main] org.mybatis.spring.transaction.SpringManagedTransaction.openConnection():85 -JDBC Connection [com.alibaba.druid.proxy.jdbc.ConnectionProxyImpl@2320fa6f] will be managed by Spring
2018-05-19 00:25:19.682 DEBUG [main] com.demo.dao.AsdfDao.findAsdfById.debug():132 -ooo Using Connection [com.alibaba.druid.proxy.jdbc.ConnectionProxyImpl@2320fa6f]
2018-05-19 00:25:19.685 DEBUG [main] com.demo.dao.AsdfDao.findAsdfById.debug():132 -==>  Preparing: select id,name ,value ,valid from Demo where id=? 
2018-05-19 00:25:19.751 DEBUG [main] com.demo.dao.AsdfDao.findAsdfById.debug():132 -==> Parameters: 5(String)
2018-05-19 00:25:19.769 DEBUG [main] org.mybatis.spring.SqlSessionUtils.closeSqlSession():165 -Releasing transactional SqlSession [org.apache.ibatis.session.defaults.DefaultSqlSession@2f4205be]
2018-05-19 00:25:19.769 DEBUG [main] org.mybatis.spring.SqlSessionUtils.getSqlSession():99 -Fetched SqlSession [org.apache.ibatis.session.defaults.DefaultSqlSession@2f4205be] from current transaction
2018-05-19 00:25:19.769 DEBUG [main] com.demo.dao.AsdfDao.plusValidAddPeriod.debug():132 -ooo Using Connection [com.alibaba.druid.proxy.jdbc.ConnectionProxyImpl@2320fa6f]
2018-05-19 00:25:19.770 DEBUG [main] com.demo.dao.AsdfDao.plusValidAddPeriod.debug():132 -==>  Preparing: update demo d set d.valid=d.valid+? where d.id=? 
2018-05-19 00:25:19.772 DEBUG [main] com.demo.dao.AsdfDao.plusValidAddPeriod.debug():132 -==> Parameters: 1(Integer), 5(String)
2018-05-19 00:25:19.780 DEBUG [main] org.mybatis.spring.SqlSessionUtils.closeSqlSession():165 -Releasing transactional SqlSession [org.apache.ibatis.session.defaults.DefaultSqlSession@2f4205be]
2018-05-19 00:25:19.784 DEBUG [main] org.mybatis.spring.SqlSessionUtils.afterCompletion():277 -Transaction synchronization committing SqlSession [org.apache.ibatis.session.defaults.DefaultSqlSession@2f4205be]
2018-05-19 00:25:19.785 DEBUG [main] org.mybatis.spring.SqlSessionUtils.afterCompletion():298 -Transaction synchronization closing SqlSession [org.apache.ibatis.session.defaults.DefaultSqlSession@2f4205be]
2018-05-19 00:57:44.223 DEBUG [main] org.apache.ibatis.logging.LogFactory.setImplementation():115 -Logging initialized using 'class org.apache.ibatis.logging.slf4j.Slf4jImpl' adapter.
2018-05-19 00:57:45.052 DEBUG [main] org.mybatis.spring.SqlSessionFactoryBean.buildSqlSessionFactory():358 -Property 'configLocation' not specified, using default MyBatis Configuration
2018-05-19 00:57:45.140 DEBUG [main] org.mybatis.spring.SqlSessionFactoryBean.buildSqlSessionFactory():468 -Parsed mapper file: 'file [C:\123workspace\qwer\target\classes\com\demo\entity\AsdfMapper.xml]'
2018-05-19 00:57:45.269 DEBUG [main] org.mybatis.spring.SqlSessionUtils.getSqlSession():106 -Creating a new SqlSession
2018-05-19 00:57:45.273 DEBUG [main] org.mybatis.spring.SqlSessionUtils.getSqlSession():122 -Registering transaction synchronization for SqlSession [org.apache.ibatis.session.defaults.DefaultSqlSession@3bd418e4]
2018-05-19 00:57:45.300 DEBUG [main] org.mybatis.spring.transaction.SpringManagedTransaction.openConnection():85 -JDBC Connection [com.alibaba.druid.proxy.jdbc.ConnectionProxyImpl@4d722ac9] will be managed by Spring
2018-05-19 00:57:45.302 DEBUG [main] com.demo.dao.AsdfDao.findAsdfById.debug():132 -ooo Using Connection [com.alibaba.druid.proxy.jdbc.ConnectionProxyImpl@4d722ac9]
2018-05-19 00:57:45.306 DEBUG [main] com.demo.dao.AsdfDao.findAsdfById.debug():132 -==>  Preparing: select id,name ,value ,valid from Demo where id=? 
2018-05-19 00:57:45.384 DEBUG [main] com.demo.dao.AsdfDao.findAsdfById.debug():132 -==> Parameters: null
2018-05-19 00:57:45.402 DEBUG [main] org.mybatis.spring.SqlSessionUtils.closeSqlSession():165 -Releasing transactional SqlSession [org.apache.ibatis.session.defaults.DefaultSqlSession@3bd418e4]
2018-05-19 00:57:45.402 DEBUG [main] org.mybatis.spring.SqlSessionUtils.getSqlSession():99 -Fetched SqlSession [org.apache.ibatis.session.defaults.DefaultSqlSession@3bd418e4] from current transaction
2018-05-19 00:57:45.403 DEBUG [main] com.demo.dao.AsdfDao.plusValidAddPeriod.debug():132 -ooo Using Connection [com.alibaba.druid.proxy.jdbc.ConnectionProxyImpl@4d722ac9]
2018-05-19 00:57:45.403 DEBUG [main] com.demo.dao.AsdfDao.plusValidAddPeriod.debug():132 -==>  Preparing: update demo d set d.valid=d.valid+? where d.id=? 
2018-05-19 00:57:45.406 DEBUG [main] com.demo.dao.AsdfDao.plusValidAddPeriod.debug():132 -==> Parameters: 1(Integer), 5(String)
2018-05-19 00:57:45.413 DEBUG [main] org.mybatis.spring.SqlSessionUtils.closeSqlSession():165 -Releasing transactional SqlSession [org.apache.ibatis.session.defaults.DefaultSqlSession@3bd418e4]
2018-05-19 00:57:45.417 DEBUG [main] org.mybatis.spring.SqlSessionUtils.afterCompletion():277 -Transaction synchronization committing SqlSession [org.apache.ibatis.session.defaults.DefaultSqlSession@3bd418e4]
2018-05-19 00:57:45.417 DEBUG [main] org.mybatis.spring.SqlSessionUtils.afterCompletion():298 -Transaction synchronization closing SqlSession [org.apache.ibatis.session.defaults.DefaultSqlSession@3bd418e4]
2018-05-19 01:25:27.221 DEBUG [main] org.apache.ibatis.logging.LogFactory.setImplementation():115 -Logging initialized using 'class org.apache.ibatis.logging.slf4j.Slf4jImpl' adapter.
2018-05-19 01:25:28.228 DEBUG [main] org.mybatis.spring.SqlSessionFactoryBean.buildSqlSessionFactory():358 -Property 'configLocation' not specified, using default MyBatis Configuration
2018-05-19 01:25:28.292 DEBUG [main] org.mybatis.spring.SqlSessionFactoryBean.buildSqlSessionFactory():468 -Parsed mapper file: 'file [C:\123workspace\qwer\target\classes\com\demo\entity\AsdfMapper.xml]'
2018-05-19 01:25:28.298 DEBUG [main] org.mybatis.spring.SqlSessionFactoryBean.buildSqlSessionFactory():468 -Parsed mapper file: 'file [C:\123workspace\qwer\target\classes\com\demo\entity\OrderMapper.xml]'
2018-05-19 01:25:28.409 DEBUG [main] org.mybatis.spring.SqlSessionUtils.getSqlSession():106 -Creating a new SqlSession
2018-05-19 01:25:28.413 DEBUG [main] org.mybatis.spring.SqlSessionUtils.getSqlSession():122 -Registering transaction synchronization for SqlSession [org.apache.ibatis.session.defaults.DefaultSqlSession@6c5945a7]
2018-05-19 01:25:28.435 DEBUG [main] org.mybatis.spring.transaction.SpringManagedTransaction.openConnection():85 -JDBC Connection [com.alibaba.druid.proxy.jdbc.ConnectionProxyImpl@3cc41abc] will be managed by Spring
2018-05-19 01:25:28.437 DEBUG [main] com.demo.dao.AsdfDao.findAsdfById.debug():132 -ooo Using Connection [com.alibaba.druid.proxy.jdbc.ConnectionProxyImpl@3cc41abc]
2018-05-19 01:25:28.440 DEBUG [main] com.demo.dao.AsdfDao.findAsdfById.debug():132 -==>  Preparing: select id,name ,value ,valid from Demo where id=? 
2018-05-19 01:25:28.508 DEBUG [main] com.demo.dao.AsdfDao.findAsdfById.debug():132 -==> Parameters: 5(String)
2018-05-19 01:25:28.526 DEBUG [main] org.mybatis.spring.SqlSessionUtils.closeSqlSession():165 -Releasing transactional SqlSession [org.apache.ibatis.session.defaults.DefaultSqlSession@6c5945a7]
2018-05-19 01:25:28.526 DEBUG [main] org.mybatis.spring.SqlSessionUtils.getSqlSession():99 -Fetched SqlSession [org.apache.ibatis.session.defaults.DefaultSqlSession@6c5945a7] from current transaction
2018-05-19 01:25:28.527 DEBUG [main] com.demo.dao.AsdfDao.subtractValid.debug():132 -ooo Using Connection [com.alibaba.druid.proxy.jdbc.ConnectionProxyImpl@3cc41abc]
2018-05-19 01:25:28.527 DEBUG [main] com.demo.dao.AsdfDao.subtractValid.debug():132 -==>  Preparing: update demo d set d.valid=d.valid-? where d.id=? and d.valid-? >0 
2018-05-19 01:25:28.529 DEBUG [main] com.demo.dao.AsdfDao.subtractValid.debug():132 -==> Parameters: 9(Integer), 5(String), 9(Integer)
2018-05-19 01:25:28.536 DEBUG [main] org.mybatis.spring.SqlSessionUtils.closeSqlSession():165 -Releasing transactional SqlSession [org.apache.ibatis.session.defaults.DefaultSqlSession@6c5945a7]
2018-05-19 01:25:28.537 DEBUG [main] org.mybatis.spring.SqlSessionUtils.getSqlSession():99 -Fetched SqlSession [org.apache.ibatis.session.defaults.DefaultSqlSession@6c5945a7] from current transaction
2018-05-19 01:25:28.537 DEBUG [main] com.demo.dao.OrderDao.insertOrderRecord.debug():132 -ooo Using Connection [com.alibaba.druid.proxy.jdbc.ConnectionProxyImpl@3cc41abc]
2018-05-19 01:25:28.538 DEBUG [main] com.demo.dao.OrderDao.insertOrderRecord.debug():132 -==>  Preparing: INSERT INTO `orderDemo` (`id`, `userId`, `valid`, `orderTime`) VALUES (?, ?, ?, ?); 
2018-05-19 01:25:28.541 DEBUG [main] com.demo.dao.OrderDao.insertOrderRecord.debug():132 -==> Parameters: null, main(String), 9(Integer), 2018-05-19 01:25:28.537(Timestamp)
2018-05-19 01:25:28.548 DEBUG [main] org.mybatis.spring.SqlSessionUtils.closeSqlSession():165 -Releasing transactional SqlSession [org.apache.ibatis.session.defaults.DefaultSqlSession@6c5945a7]
2018-05-19 01:25:28.552 DEBUG [main] org.mybatis.spring.SqlSessionUtils.afterCompletion():277 -Transaction synchronization committing SqlSession [org.apache.ibatis.session.defaults.DefaultSqlSession@6c5945a7]
2018-05-19 01:25:28.553 DEBUG [main] org.mybatis.spring.SqlSessionUtils.afterCompletion():298 -Transaction synchronization closing SqlSession [org.apache.ibatis.session.defaults.DefaultSqlSession@6c5945a7]
2018-05-19 01:27:56.782 DEBUG [main] org.apache.ibatis.logging.LogFactory.setImplementation():115 -Logging initialized using 'class org.apache.ibatis.logging.slf4j.Slf4jImpl' adapter.
2018-05-19 01:27:57.566 DEBUG [main] org.mybatis.spring.SqlSessionFactoryBean.buildSqlSessionFactory():358 -Property 'configLocation' not specified, using default MyBatis Configuration
2018-05-19 01:27:57.630 DEBUG [main] org.mybatis.spring.SqlSessionFactoryBean.buildSqlSessionFactory():468 -Parsed mapper file: 'file [C:\123workspace\qwer\target\classes\com\demo\entity\AsdfMapper.xml]'
2018-05-19 01:27:57.637 DEBUG [main] org.mybatis.spring.SqlSessionFactoryBean.buildSqlSessionFactory():468 -Parsed mapper file: 'file [C:\123workspace\qwer\target\classes\com\demo\entity\OrderMapper.xml]'
2018-05-19 01:27:57.769 DEBUG [main] org.mybatis.spring.SqlSessionUtils.getSqlSession():106 -Creating a new SqlSession
2018-05-19 01:27:57.775 DEBUG [main] org.mybatis.spring.SqlSessionUtils.getSqlSession():122 -Registering transaction synchronization for SqlSession [org.apache.ibatis.session.defaults.DefaultSqlSession@6c5945a7]
2018-05-19 01:27:57.800 DEBUG [main] org.mybatis.spring.transaction.SpringManagedTransaction.openConnection():85 -JDBC Connection [com.alibaba.druid.proxy.jdbc.ConnectionProxyImpl@3cc41abc] will be managed by Spring
2018-05-19 01:27:57.802 DEBUG [main] com.demo.dao.AsdfDao.findAsdfById.debug():132 -ooo Using Connection [com.alibaba.druid.proxy.jdbc.ConnectionProxyImpl@3cc41abc]
2018-05-19 01:27:57.805 DEBUG [main] com.demo.dao.AsdfDao.findAsdfById.debug():132 -==>  Preparing: select id,name ,value ,valid from Demo where id=? 
2018-05-19 01:27:57.873 DEBUG [main] com.demo.dao.AsdfDao.findAsdfById.debug():132 -==> Parameters: 5(String)
2018-05-19 01:27:57.893 DEBUG [main] org.mybatis.spring.SqlSessionUtils.closeSqlSession():165 -Releasing transactional SqlSession [org.apache.ibatis.session.defaults.DefaultSqlSession@6c5945a7]
2018-05-19 01:27:57.893 DEBUG [main] org.mybatis.spring.SqlSessionUtils.getSqlSession():99 -Fetched SqlSession [org.apache.ibatis.session.defaults.DefaultSqlSession@6c5945a7] from current transaction
2018-05-19 01:27:57.893 DEBUG [main] com.demo.dao.AsdfDao.subtractValid.debug():132 -ooo Using Connection [com.alibaba.druid.proxy.jdbc.ConnectionProxyImpl@3cc41abc]
2018-05-19 01:27:57.893 DEBUG [main] com.demo.dao.AsdfDao.subtractValid.debug():132 -==>  Preparing: update demo d set d.valid=d.valid-? where d.id=? and d.valid-? >0 
2018-05-19 01:27:57.896 DEBUG [main] com.demo.dao.AsdfDao.subtractValid.debug():132 -==> Parameters: 4(Integer), 5(String), 4(Integer)
2018-05-19 01:27:57.905 DEBUG [main] org.mybatis.spring.SqlSessionUtils.closeSqlSession():165 -Releasing transactional SqlSession [org.apache.ibatis.session.defaults.DefaultSqlSession@6c5945a7]
2018-05-19 01:27:57.906 DEBUG [main] org.mybatis.spring.SqlSessionUtils.getSqlSession():99 -Fetched SqlSession [org.apache.ibatis.session.defaults.DefaultSqlSession@6c5945a7] from current transaction
2018-05-19 01:27:57.907 DEBUG [main] com.demo.dao.OrderDao.insertOrderRecord.debug():132 -ooo Using Connection [com.alibaba.druid.proxy.jdbc.ConnectionProxyImpl@3cc41abc]
2018-05-19 01:27:57.907 DEBUG [main] com.demo.dao.OrderDao.insertOrderRecord.debug():132 -==>  Preparing: INSERT INTO `orderDemo` (`id`, `userId`, `valid`, `orderTime`) VALUES (?, ?, ?, ?); 
2018-05-19 01:27:57.911 DEBUG [main] com.demo.dao.OrderDao.insertOrderRecord.debug():132 -==> Parameters: null, main(String), 4(Integer), 2018-05-19 01:27:57.906(Timestamp)
2018-05-19 01:27:57.919 DEBUG [main] org.mybatis.spring.SqlSessionUtils.closeSqlSession():165 -Releasing transactional SqlSession [org.apache.ibatis.session.defaults.DefaultSqlSession@6c5945a7]
2018-05-19 01:27:57.925 DEBUG [main] org.mybatis.spring.SqlSessionUtils.afterCompletion():277 -Transaction synchronization committing SqlSession [org.apache.ibatis.session.defaults.DefaultSqlSession@6c5945a7]
2018-05-19 01:27:57.925 DEBUG [main] org.mybatis.spring.SqlSessionUtils.afterCompletion():298 -Transaction synchronization closing SqlSession [org.apache.ibatis.session.defaults.DefaultSqlSession@6c5945a7]
2018-05-19 02:04:34.676 DEBUG [main] org.apache.ibatis.logging.LogFactory.setImplementation():115 -Logging initialized using 'class org.apache.ibatis.logging.slf4j.Slf4jImpl' adapter.
2018-05-19 02:04:35.425 DEBUG [main] org.mybatis.spring.SqlSessionFactoryBean.buildSqlSessionFactory():358 -Property 'configLocation' not specified, using default MyBatis Configuration
2018-05-19 02:04:35.487 DEBUG [main] org.mybatis.spring.SqlSessionFactoryBean.buildSqlSessionFactory():468 -Parsed mapper file: 'file [C:\123workspace\qwer\target\classes\com\demo\entity\AsdfMapper.xml]'
2018-05-19 02:04:35.493 DEBUG [main] org.mybatis.spring.SqlSessionFactoryBean.buildSqlSessionFactory():468 -Parsed mapper file: 'file [C:\123workspace\qwer\target\classes\com\demo\entity\OrderMapper.xml]'
2018-05-19 02:04:35.603 DEBUG [main] org.mybatis.spring.SqlSessionUtils.getSqlSession():106 -Creating a new SqlSession
2018-05-19 02:04:35.607 DEBUG [main] org.mybatis.spring.SqlSessionUtils.getSqlSession():122 -Registering transaction synchronization for SqlSession [org.apache.ibatis.session.defaults.DefaultSqlSession@6c5945a7]
2018-05-19 02:04:35.629 DEBUG [main] org.mybatis.spring.transaction.SpringManagedTransaction.openConnection():85 -JDBC Connection [com.alibaba.druid.proxy.jdbc.ConnectionProxyImpl@3cc41abc] will be managed by Spring
2018-05-19 02:04:35.630 DEBUG [main] com.demo.dao.AsdfDao.findAsdfById.debug():132 -ooo Using Connection [com.alibaba.druid.proxy.jdbc.ConnectionProxyImpl@3cc41abc]
2018-05-19 02:04:35.633 DEBUG [main] com.demo.dao.AsdfDao.findAsdfById.debug():132 -==>  Preparing: select id,name ,value ,valid from Demo where id=? 
2018-05-19 02:04:35.699 DEBUG [main] com.demo.dao.AsdfDao.findAsdfById.debug():132 -==> Parameters: 5(String)
2018-05-19 02:04:35.718 DEBUG [main] org.mybatis.spring.SqlSessionUtils.closeSqlSession():165 -Releasing transactional SqlSession [org.apache.ibatis.session.defaults.DefaultSqlSession@6c5945a7]
2018-05-19 02:04:35.718 DEBUG [main] org.mybatis.spring.SqlSessionUtils.getSqlSession():99 -Fetched SqlSession [org.apache.ibatis.session.defaults.DefaultSqlSession@6c5945a7] from current transaction
2018-05-19 02:04:35.719 DEBUG [main] com.demo.dao.OrderDao.insertOrderRecord.debug():132 -ooo Using Connection [com.alibaba.druid.proxy.jdbc.ConnectionProxyImpl@3cc41abc]
2018-05-19 02:04:35.719 DEBUG [main] com.demo.dao.OrderDao.insertOrderRecord.debug():132 -==>  Preparing: INSERT INTO `orderDemo` (`id`, `userId`, `valid`, `orderTime` ,type) VALUES (?, ?, ?, ?,?); 
2018-05-19 02:04:35.723 DEBUG [main] com.demo.dao.OrderDao.insertOrderRecord.debug():132 -==> Parameters: null, 1(Long), 2(Integer), 2018-05-19 02:04:35.718(Timestamp), 1(Integer)
2018-05-19 02:04:35.730 DEBUG [main] org.mybatis.spring.SqlSessionUtils.closeSqlSession():165 -Releasing transactional SqlSession [org.apache.ibatis.session.defaults.DefaultSqlSession@6c5945a7]
2018-05-19 02:04:35.730 DEBUG [main] org.mybatis.spring.SqlSessionUtils.getSqlSession():99 -Fetched SqlSession [org.apache.ibatis.session.defaults.DefaultSqlSession@6c5945a7] from current transaction
2018-05-19 02:04:35.730 DEBUG [main] com.demo.dao.AsdfDao.subtractValid.debug():132 -ooo Using Connection [com.alibaba.druid.proxy.jdbc.ConnectionProxyImpl@3cc41abc]
2018-05-19 02:04:35.730 DEBUG [main] com.demo.dao.AsdfDao.subtractValid.debug():132 -==>  Preparing: update demo d set d.valid=d.valid-? where d.id=? and d.valid-? >0 
2018-05-19 02:04:35.732 DEBUG [main] com.demo.dao.AsdfDao.subtractValid.debug():132 -==> Parameters: 2(Integer), 5(String), 2(Integer)
2018-05-19 02:04:35.738 DEBUG [main] org.mybatis.spring.SqlSessionUtils.closeSqlSession():165 -Releasing transactional SqlSession [org.apache.ibatis.session.defaults.DefaultSqlSession@6c5945a7]
2018-05-19 02:04:35.739 DEBUG [main] org.mybatis.spring.SqlSessionUtils.getSqlSession():99 -Fetched SqlSession [org.apache.ibatis.session.defaults.DefaultSqlSession@6c5945a7] from current transaction
2018-05-19 02:04:35.739 DEBUG [main] com.demo.dao.OrderDao.insertOrderRecord.debug():132 -ooo Using Connection [com.alibaba.druid.proxy.jdbc.ConnectionProxyImpl@3cc41abc]
2018-05-19 02:04:35.739 DEBUG [main] com.demo.dao.OrderDao.insertOrderRecord.debug():132 -==>  Preparing: INSERT INTO `orderDemo` (`id`, `userId`, `valid`, `orderTime` ,type) VALUES (?, ?, ?, ?,?); 
2018-05-19 02:04:35.740 DEBUG [main] com.demo.dao.OrderDao.insertOrderRecord.debug():132 -==> Parameters: null, 1(Long), 2(Integer), 2018-05-19 02:04:35.718(Timestamp), 2(Integer)
2018-05-19 02:04:35.746 DEBUG [main] org.mybatis.spring.SqlSessionUtils.closeSqlSession():165 -Releasing transactional SqlSession [org.apache.ibatis.session.defaults.DefaultSqlSession@6c5945a7]
2018-05-19 02:04:35.750 DEBUG [main] org.mybatis.spring.SqlSessionUtils.afterCompletion():277 -Transaction synchronization committing SqlSession [org.apache.ibatis.session.defaults.DefaultSqlSession@6c5945a7]
2018-05-19 02:04:35.751 DEBUG [main] org.mybatis.spring.SqlSessionUtils.afterCompletion():298 -Transaction synchronization closing SqlSession [org.apache.ibatis.session.defaults.DefaultSqlSession@6c5945a7]
